<?xml version="1.0" encoding="UTF-8"?>
<testsuite xmlns:xsi="http://www.w3.org/2001/XMLSchema-instance" xsi:noNamespaceSchemaLocation="https://maven.apache.org/surefire/maven-surefire-plugin/xsd/surefire-test-report.xsd" name="UIRegressionRunner" time="106.207" tests="9" errors="8" skipped="0" failures="0">
  <properties>
    <property name="java.specification.version" value="19"/>
    <property name="sun.jnu.encoding" value="UTF-8"/>
    <property name="java.class.path" value="/Users/user1/IdeaProjects/digital-bank-acceptance-test/target/test-classes:/Users/user1/IdeaProjects/digital-bank-acceptance-test/target/classes:/Users/user1/.m2/repository/mysql/mysql-connector-java/8.0.28/mysql-connector-java-8.0.28.jar:/Users/user1/.m2/repository/com/google/protobuf/protobuf-java/3.11.4/protobuf-java-3.11.4.jar:/Users/user1/.m2/repository/org/junit/jupiter/junit-jupiter/5.8.2/junit-jupiter-5.8.2.jar:/Users/user1/.m2/repository/org/junit/jupiter/junit-jupiter-params/5.8.2/junit-jupiter-params-5.8.2.jar:/Users/user1/.m2/repository/org/junit/jupiter/junit-jupiter-engine/5.8.2/junit-jupiter-engine-5.8.2.jar:/Users/user1/.m2/repository/io/cucumber/cucumber-java/7.0.0/cucumber-java-7.0.0.jar:/Users/user1/.m2/repository/io/cucumber/cucumber-core/7.0.0/cucumber-core-7.0.0.jar:/Users/user1/.m2/repository/io/cucumber/cucumber-gherkin/7.0.0/cucumber-gherkin-7.0.0.jar:/Users/user1/.m2/repository/io/cucumber/cucumber-gherkin-messages/7.0.0/cucumber-gherkin-messages-7.0.0.jar:/Users/user1/.m2/repository/io/cucumber/messages/17.1.1/messages-17.1.1.jar:/Users/user1/.m2/repository/io/cucumber/tag-expressions/4.0.2/tag-expressions-4.0.2.jar:/Users/user1/.m2/repository/io/cucumber/cucumber-expressions/13.0.1/cucumber-expressions-13.0.1.jar:/Users/user1/.m2/repository/io/cucumber/datatable/7.0.0/datatable-7.0.0.jar:/Users/user1/.m2/repository/io/cucumber/cucumber-plugin/7.0.0/cucumber-plugin-7.0.0.jar:/Users/user1/.m2/repository/io/cucumber/docstring/7.0.0/docstring-7.0.0.jar:/Users/user1/.m2/repository/io/cucumber/html-formatter/17.0.0/html-formatter-17.0.0.jar:/Users/user1/.m2/repository/io/cucumber/create-meta/6.0.1/create-meta-6.0.1.jar:/Users/user1/.m2/repository/org/apiguardian/apiguardian-api/1.1.2/apiguardian-api-1.1.2.jar:/Users/user1/.m2/repository/io/cucumber/cucumber-junit-platform-engine/7.0.0/cucumber-junit-platform-engine-7.0.0.jar:/Users/user1/.m2/repository/org/junit/platform/junit-platform-engine/1.8.1/junit-platform-engine-1.8.1.jar:/Users/user1/.m2/repository/org/junit/platform/junit-platform-suite/1.9.2/junit-platform-suite-1.9.2.jar:/Users/user1/.m2/repository/org/junit/platform/junit-platform-suite-api/1.9.2/junit-platform-suite-api-1.9.2.jar:/Users/user1/.m2/repository/org/junit/platform/junit-platform-suite-engine/1.9.2/junit-platform-suite-engine-1.9.2.jar:/Users/user1/.m2/repository/org/junit/platform/junit-platform-suite-commons/1.9.2/junit-platform-suite-commons-1.9.2.jar:/Users/user1/.m2/repository/org/junit/platform/junit-platform-launcher/1.9.2/junit-platform-launcher-1.9.2.jar:/Users/user1/.m2/repository/org/junit/jupiter/junit-jupiter-api/5.8.2/junit-jupiter-api-5.8.2.jar:/Users/user1/.m2/repository/org/opentest4j/opentest4j/1.2.0/opentest4j-1.2.0.jar:/Users/user1/.m2/repository/org/junit/platform/junit-platform-commons/1.8.2/junit-platform-commons-1.8.2.jar:/Users/user1/.m2/repository/org/seleniumhq/selenium/selenium-java/3.141.59/selenium-java-3.141.59.jar:/Users/user1/.m2/repository/org/seleniumhq/selenium/selenium-api/3.141.59/selenium-api-3.141.59.jar:/Users/user1/.m2/repository/org/seleniumhq/selenium/selenium-chrome-driver/3.141.59/selenium-chrome-driver-3.141.59.jar:/Users/user1/.m2/repository/org/seleniumhq/selenium/selenium-edge-driver/3.141.59/selenium-edge-driver-3.141.59.jar:/Users/user1/.m2/repository/org/seleniumhq/selenium/selenium-firefox-driver/3.141.59/selenium-firefox-driver-3.141.59.jar:/Users/user1/.m2/repository/org/seleniumhq/selenium/selenium-ie-driver/3.141.59/selenium-ie-driver-3.141.59.jar:/Users/user1/.m2/repository/org/seleniumhq/selenium/selenium-opera-driver/3.141.59/selenium-opera-driver-3.141.59.jar:/Users/user1/.m2/repository/org/seleniumhq/selenium/selenium-remote-driver/3.141.59/selenium-remote-driver-3.141.59.jar:/Users/user1/.m2/repository/org/seleniumhq/selenium/selenium-safari-driver/3.141.59/selenium-safari-driver-3.141.59.jar:/Users/user1/.m2/repository/org/seleniumhq/selenium/selenium-support/3.141.59/selenium-support-3.141.59.jar:/Users/user1/.m2/repository/net/bytebuddy/byte-buddy/1.8.15/byte-buddy-1.8.15.jar:/Users/user1/.m2/repository/org/apache/commons/commons-exec/1.3/commons-exec-1.3.jar:/Users/user1/.m2/repository/com/google/guava/guava/25.0-jre/guava-25.0-jre.jar:/Users/user1/.m2/repository/com/google/code/findbugs/jsr305/1.3.9/jsr305-1.3.9.jar:/Users/user1/.m2/repository/org/checkerframework/checker-compat-qual/2.0.0/checker-compat-qual-2.0.0.jar:/Users/user1/.m2/repository/com/google/errorprone/error_prone_annotations/2.1.3/error_prone_annotations-2.1.3.jar:/Users/user1/.m2/repository/com/google/j2objc/j2objc-annotations/1.1/j2objc-annotations-1.1.jar:/Users/user1/.m2/repository/org/codehaus/mojo/animal-sniffer-annotations/1.14/animal-sniffer-annotations-1.14.jar:/Users/user1/.m2/repository/com/squareup/okhttp3/okhttp/3.11.0/okhttp-3.11.0.jar:/Users/user1/.m2/repository/com/squareup/okio/okio/1.14.0/okio-1.14.0.jar:/Users/user1/.m2/repository/io/github/bonigarcia/webdrivermanager/5.4.1/webdrivermanager-5.4.1.jar:/Users/user1/.m2/repository/org/slf4j/slf4j-api/2.0.7/slf4j-api-2.0.7.jar:/Users/user1/.m2/repository/com/google/code/gson/gson/2.10.1/gson-2.10.1.jar:/Users/user1/.m2/repository/com/github/docker-java/docker-java/3.3.2/docker-java-3.3.2.jar:/Users/user1/.m2/repository/com/github/docker-java/docker-java-core/3.3.2/docker-java-core-3.3.2.jar:/Users/user1/.m2/repository/com/github/docker-java/docker-java-api/3.3.2/docker-java-api-3.3.2.jar:/Users/user1/.m2/repository/com/fasterxml/jackson/core/jackson-annotations/2.10.3/jackson-annotations-2.10.3.jar:/Users/user1/.m2/repository/commons-io/commons-io/2.6/commons-io-2.6.jar:/Users/user1/.m2/repository/org/apache/commons/commons-compress/1.21/commons-compress-1.21.jar:/Users/user1/.m2/repository/com/fasterxml/jackson/core/jackson-databind/2.10.3/jackson-databind-2.10.3.jar:/Users/user1/.m2/repository/com/fasterxml/jackson/core/jackson-core/2.10.3/jackson-core-2.10.3.jar:/Users/user1/.m2/repository/org/bouncycastle/bcpkix-jdk15on/1.64/bcpkix-jdk15on-1.64.jar:/Users/user1/.m2/repository/org/bouncycastle/bcprov-jdk15on/1.64/bcprov-jdk15on-1.64.jar:/Users/user1/.m2/repository/org/slf4j/jcl-over-slf4j/1.7.30/jcl-over-slf4j-1.7.30.jar:/Users/user1/.m2/repository/com/github/docker-java/docker-java-transport-httpclient5/3.3.2/docker-java-transport-httpclient5-3.3.2.jar:/Users/user1/.m2/repository/com/github/docker-java/docker-java-transport/3.3.2/docker-java-transport-3.3.2.jar:/Users/user1/.m2/repository/net/java/dev/jna/jna/5.12.1/jna-5.12.1.jar:/Users/user1/.m2/repository/org/brotli/dec/0.1.2/dec-0.1.2.jar:/Users/user1/.m2/repository/org/apache/commons/commons-lang3/3.12.0/commons-lang3-3.12.0.jar:/Users/user1/.m2/repository/org/apache/httpcomponents/client5/httpclient5/5.2.1/httpclient5-5.2.1.jar:/Users/user1/.m2/repository/org/apache/httpcomponents/core5/httpcore5/5.2/httpcore5-5.2.jar:/Users/user1/.m2/repository/org/apache/httpcomponents/core5/httpcore5-h2/5.2/httpcore5-h2-5.2.jar:/Users/user1/.m2/repository/com/github/javafaker/javafaker/1.0.2/javafaker-1.0.2.jar:/Users/user1/.m2/repository/org/yaml/snakeyaml/1.23/snakeyaml-1.23-android.jar:/Users/user1/.m2/repository/com/github/mifmif/generex/1.0.2/generex-1.0.2.jar:/Users/user1/.m2/repository/dk/brics/automaton/automaton/1.11-8/automaton-1.11-8.jar:"/>
    <property name="java.vm.vendor" value="Oracle Corporation"/>
    <property name="sun.arch.data.model" value="64"/>
    <property name="java.vendor.url" value="https://java.oracle.com/"/>
    <property name="os.name" value="Mac OS X"/>
    <property name="java.vm.specification.version" value="19"/>
    <property name="sun.java.launcher" value="SUN_STANDARD"/>
    <property name="user.country" value="US"/>
    <property name="sun.boot.library.path" value="/Library/Java/JavaVirtualMachines/jdk-19.jdk/Contents/Home/lib"/>
    <property name="sun.java.command" value="/Users/user1/IdeaProjects/digital-bank-acceptance-test/target/surefire/surefirebooter1079458213752521364.jar /Users/user1/IdeaProjects/digital-bank-acceptance-test/target/surefire 2023-10-21T10-28-09_439-jvmRun1 surefire12373920670898166704tmp surefire_02065594361163252035tmp"/>
    <property name="http.nonProxyHosts" value="local|*.local|169.254/16|*.169.254/16"/>
    <property name="jdk.debug" value="release"/>
    <property name="test" value="UIRegressionRunner"/>
    <property name="surefire.test.class.path" value="/Users/user1/IdeaProjects/digital-bank-acceptance-test/target/test-classes:/Users/user1/IdeaProjects/digital-bank-acceptance-test/target/classes:/Users/user1/.m2/repository/mysql/mysql-connector-java/8.0.28/mysql-connector-java-8.0.28.jar:/Users/user1/.m2/repository/com/google/protobuf/protobuf-java/3.11.4/protobuf-java-3.11.4.jar:/Users/user1/.m2/repository/org/junit/jupiter/junit-jupiter/5.8.2/junit-jupiter-5.8.2.jar:/Users/user1/.m2/repository/org/junit/jupiter/junit-jupiter-params/5.8.2/junit-jupiter-params-5.8.2.jar:/Users/user1/.m2/repository/org/junit/jupiter/junit-jupiter-engine/5.8.2/junit-jupiter-engine-5.8.2.jar:/Users/user1/.m2/repository/io/cucumber/cucumber-java/7.0.0/cucumber-java-7.0.0.jar:/Users/user1/.m2/repository/io/cucumber/cucumber-core/7.0.0/cucumber-core-7.0.0.jar:/Users/user1/.m2/repository/io/cucumber/cucumber-gherkin/7.0.0/cucumber-gherkin-7.0.0.jar:/Users/user1/.m2/repository/io/cucumber/cucumber-gherkin-messages/7.0.0/cucumber-gherkin-messages-7.0.0.jar:/Users/user1/.m2/repository/io/cucumber/messages/17.1.1/messages-17.1.1.jar:/Users/user1/.m2/repository/io/cucumber/tag-expressions/4.0.2/tag-expressions-4.0.2.jar:/Users/user1/.m2/repository/io/cucumber/cucumber-expressions/13.0.1/cucumber-expressions-13.0.1.jar:/Users/user1/.m2/repository/io/cucumber/datatable/7.0.0/datatable-7.0.0.jar:/Users/user1/.m2/repository/io/cucumber/cucumber-plugin/7.0.0/cucumber-plugin-7.0.0.jar:/Users/user1/.m2/repository/io/cucumber/docstring/7.0.0/docstring-7.0.0.jar:/Users/user1/.m2/repository/io/cucumber/html-formatter/17.0.0/html-formatter-17.0.0.jar:/Users/user1/.m2/repository/io/cucumber/create-meta/6.0.1/create-meta-6.0.1.jar:/Users/user1/.m2/repository/org/apiguardian/apiguardian-api/1.1.2/apiguardian-api-1.1.2.jar:/Users/user1/.m2/repository/io/cucumber/cucumber-junit-platform-engine/7.0.0/cucumber-junit-platform-engine-7.0.0.jar:/Users/user1/.m2/repository/org/junit/platform/junit-platform-engine/1.8.1/junit-platform-engine-1.8.1.jar:/Users/user1/.m2/repository/org/junit/platform/junit-platform-suite/1.9.2/junit-platform-suite-1.9.2.jar:/Users/user1/.m2/repository/org/junit/platform/junit-platform-suite-api/1.9.2/junit-platform-suite-api-1.9.2.jar:/Users/user1/.m2/repository/org/junit/platform/junit-platform-suite-engine/1.9.2/junit-platform-suite-engine-1.9.2.jar:/Users/user1/.m2/repository/org/junit/platform/junit-platform-suite-commons/1.9.2/junit-platform-suite-commons-1.9.2.jar:/Users/user1/.m2/repository/org/junit/platform/junit-platform-launcher/1.9.2/junit-platform-launcher-1.9.2.jar:/Users/user1/.m2/repository/org/junit/jupiter/junit-jupiter-api/5.8.2/junit-jupiter-api-5.8.2.jar:/Users/user1/.m2/repository/org/opentest4j/opentest4j/1.2.0/opentest4j-1.2.0.jar:/Users/user1/.m2/repository/org/junit/platform/junit-platform-commons/1.8.2/junit-platform-commons-1.8.2.jar:/Users/user1/.m2/repository/org/seleniumhq/selenium/selenium-java/3.141.59/selenium-java-3.141.59.jar:/Users/user1/.m2/repository/org/seleniumhq/selenium/selenium-api/3.141.59/selenium-api-3.141.59.jar:/Users/user1/.m2/repository/org/seleniumhq/selenium/selenium-chrome-driver/3.141.59/selenium-chrome-driver-3.141.59.jar:/Users/user1/.m2/repository/org/seleniumhq/selenium/selenium-edge-driver/3.141.59/selenium-edge-driver-3.141.59.jar:/Users/user1/.m2/repository/org/seleniumhq/selenium/selenium-firefox-driver/3.141.59/selenium-firefox-driver-3.141.59.jar:/Users/user1/.m2/repository/org/seleniumhq/selenium/selenium-ie-driver/3.141.59/selenium-ie-driver-3.141.59.jar:/Users/user1/.m2/repository/org/seleniumhq/selenium/selenium-opera-driver/3.141.59/selenium-opera-driver-3.141.59.jar:/Users/user1/.m2/repository/org/seleniumhq/selenium/selenium-remote-driver/3.141.59/selenium-remote-driver-3.141.59.jar:/Users/user1/.m2/repository/org/seleniumhq/selenium/selenium-safari-driver/3.141.59/selenium-safari-driver-3.141.59.jar:/Users/user1/.m2/repository/org/seleniumhq/selenium/selenium-support/3.141.59/selenium-support-3.141.59.jar:/Users/user1/.m2/repository/net/bytebuddy/byte-buddy/1.8.15/byte-buddy-1.8.15.jar:/Users/user1/.m2/repository/org/apache/commons/commons-exec/1.3/commons-exec-1.3.jar:/Users/user1/.m2/repository/com/google/guava/guava/25.0-jre/guava-25.0-jre.jar:/Users/user1/.m2/repository/com/google/code/findbugs/jsr305/1.3.9/jsr305-1.3.9.jar:/Users/user1/.m2/repository/org/checkerframework/checker-compat-qual/2.0.0/checker-compat-qual-2.0.0.jar:/Users/user1/.m2/repository/com/google/errorprone/error_prone_annotations/2.1.3/error_prone_annotations-2.1.3.jar:/Users/user1/.m2/repository/com/google/j2objc/j2objc-annotations/1.1/j2objc-annotations-1.1.jar:/Users/user1/.m2/repository/org/codehaus/mojo/animal-sniffer-annotations/1.14/animal-sniffer-annotations-1.14.jar:/Users/user1/.m2/repository/com/squareup/okhttp3/okhttp/3.11.0/okhttp-3.11.0.jar:/Users/user1/.m2/repository/com/squareup/okio/okio/1.14.0/okio-1.14.0.jar:/Users/user1/.m2/repository/io/github/bonigarcia/webdrivermanager/5.4.1/webdrivermanager-5.4.1.jar:/Users/user1/.m2/repository/org/slf4j/slf4j-api/2.0.7/slf4j-api-2.0.7.jar:/Users/user1/.m2/repository/com/google/code/gson/gson/2.10.1/gson-2.10.1.jar:/Users/user1/.m2/repository/com/github/docker-java/docker-java/3.3.2/docker-java-3.3.2.jar:/Users/user1/.m2/repository/com/github/docker-java/docker-java-core/3.3.2/docker-java-core-3.3.2.jar:/Users/user1/.m2/repository/com/github/docker-java/docker-java-api/3.3.2/docker-java-api-3.3.2.jar:/Users/user1/.m2/repository/com/fasterxml/jackson/core/jackson-annotations/2.10.3/jackson-annotations-2.10.3.jar:/Users/user1/.m2/repository/commons-io/commons-io/2.6/commons-io-2.6.jar:/Users/user1/.m2/repository/org/apache/commons/commons-compress/1.21/commons-compress-1.21.jar:/Users/user1/.m2/repository/com/fasterxml/jackson/core/jackson-databind/2.10.3/jackson-databind-2.10.3.jar:/Users/user1/.m2/repository/com/fasterxml/jackson/core/jackson-core/2.10.3/jackson-core-2.10.3.jar:/Users/user1/.m2/repository/org/bouncycastle/bcpkix-jdk15on/1.64/bcpkix-jdk15on-1.64.jar:/Users/user1/.m2/repository/org/bouncycastle/bcprov-jdk15on/1.64/bcprov-jdk15on-1.64.jar:/Users/user1/.m2/repository/org/slf4j/jcl-over-slf4j/1.7.30/jcl-over-slf4j-1.7.30.jar:/Users/user1/.m2/repository/com/github/docker-java/docker-java-transport-httpclient5/3.3.2/docker-java-transport-httpclient5-3.3.2.jar:/Users/user1/.m2/repository/com/github/docker-java/docker-java-transport/3.3.2/docker-java-transport-3.3.2.jar:/Users/user1/.m2/repository/net/java/dev/jna/jna/5.12.1/jna-5.12.1.jar:/Users/user1/.m2/repository/org/brotli/dec/0.1.2/dec-0.1.2.jar:/Users/user1/.m2/repository/org/apache/commons/commons-lang3/3.12.0/commons-lang3-3.12.0.jar:/Users/user1/.m2/repository/org/apache/httpcomponents/client5/httpclient5/5.2.1/httpclient5-5.2.1.jar:/Users/user1/.m2/repository/org/apache/httpcomponents/core5/httpcore5/5.2/httpcore5-5.2.jar:/Users/user1/.m2/repository/org/apache/httpcomponents/core5/httpcore5-h2/5.2/httpcore5-h2-5.2.jar:/Users/user1/.m2/repository/com/github/javafaker/javafaker/1.0.2/javafaker-1.0.2.jar:/Users/user1/.m2/repository/org/yaml/snakeyaml/1.23/snakeyaml-1.23-android.jar:/Users/user1/.m2/repository/com/github/mifmif/generex/1.0.2/generex-1.0.2.jar:/Users/user1/.m2/repository/dk/brics/automaton/automaton/1.11-8/automaton-1.11-8.jar:"/>
    <property name="sun.cpu.endian" value="little"/>
    <property name="user.home" value="/Users/user1"/>
    <property name="user.language" value="en"/>
    <property name="java.specification.vendor" value="Oracle Corporation"/>
    <property name="java.version.date" value="2022-10-18"/>
    <property name="java.home" value="/Library/Java/JavaVirtualMachines/jdk-19.jdk/Contents/Home"/>
    <property name="file.separator" value="/"/>
    <property name="basedir" value="/Users/user1/IdeaProjects/digital-bank-acceptance-test"/>
    <property name="java.vm.compressedOopsMode" value="Zero based"/>
    <property name="line.separator" value="&#10;"/>
    <property name="java.vm.specification.vendor" value="Oracle Corporation"/>
    <property name="java.specification.name" value="Java Platform API Specification"/>
    <property name="apple.awt.application.name" value="ForkedBooter"/>
    <property name="surefire.real.class.path" value="/Users/user1/IdeaProjects/digital-bank-acceptance-test/target/surefire/surefirebooter1079458213752521364.jar"/>
    <property name="sun.management.compiler" value="HotSpot 64-Bit Tiered Compilers"/>
    <property name="ftp.nonProxyHosts" value="local|*.local|169.254/16|*.169.254/16"/>
    <property name="java.runtime.version" value="19.0.1+10-21"/>
    <property name="user.name" value="user1"/>
    <property name="stdout.encoding" value="UTF-8"/>
    <property name="path.separator" value=":"/>
    <property name="os.version" value="12.6.8"/>
    <property name="java.runtime.name" value="Java(TM) SE Runtime Environment"/>
    <property name="file.encoding" value="UTF-8"/>
    <property name="java.vm.name" value="Java HotSpot(TM) 64-Bit Server VM"/>
    <property name="localRepository" value="/Users/user1/.m2/repository"/>
    <property name="java.vendor.url.bug" value="https://bugreport.java.com/bugreport/"/>
    <property name="java.io.tmpdir" value="/var/folders/tv/gdz5bgzj6bx4lt_mp16m3m1r0000gn/T/"/>
    <property name="java.version" value="19.0.1"/>
    <property name="user.dir" value="/Users/user1/IdeaProjects/digital-bank-acceptance-test"/>
    <property name="os.arch" value="x86_64"/>
    <property name="java.vm.specification.name" value="Java Virtual Machine Specification"/>
    <property name="native.encoding" value="UTF-8"/>
    <property name="java.library.path" value="/Users/user1/Library/Java/Extensions:/Library/Java/Extensions:/Network/Library/Java/Extensions:/System/Library/Java/Extensions:/usr/lib/java:."/>
    <property name="java.vm.info" value="mixed mode, sharing"/>
    <property name="stderr.encoding" value="UTF-8"/>
    <property name="java.vendor" value="Oracle Corporation"/>
    <property name="java.vm.version" value="19.0.1+10-21"/>
    <property name="sun.io.unicode.encoding" value="UnicodeBig"/>
    <property name="socksNonProxyHosts" value="local|*.local|169.254/16|*.169.254/16"/>
    <property name="java.class.version" value="63.0"/>
  </properties>
  <testcase name="Positive Case: As a user I want to successfully create Digital bank account" classname="co.wedevx.digitalbank.automation.ui.runners.UIRegressionRunner" time="24.041"/>
  <testcase name="Example #1" classname="co.wedevx.digitalbank.automation.ui.runners.UIRegressionRunner" time="13.145">
    <error message="Unable to locate element: #agree\-terms&#10;For documentation on this error, please visit: https://www.seleniumhq.org/exceptions/no_such_element.html&#10;Build info: version: &apos;3.141.59&apos;, revision: &apos;e82be7d358&apos;, time: &apos;2018-11-14T08:17:03&apos;&#10;System info: host: &apos;user1s-MacBook-Pro.local&apos;, ip: &apos;2601:5c1:4401:43c0:0:0:0:525a%en0&apos;, os.name: &apos;Mac OS X&apos;, os.arch: &apos;x86_64&apos;, os.version: &apos;12.6.8&apos;, java.version: &apos;19.0.1&apos;&#10;Driver info: org.openqa.selenium.firefox.FirefoxDriver&#10;Capabilities {acceptInsecureCerts: true, browserName: firefox, browserVersion: 118.0.2, javascriptEnabled: true, moz:accessibilityChecks: false, moz:buildID: 20231009140911, moz:geckodriverVersion: 0.33.0, moz:headless: false, moz:platformVersion: 21.6.0, moz:processID: 11120, moz:profile: /var/folders/tv/gdz5bgzj6bx..., moz:shutdownTimeout: 60000, moz:webdriverClick: true, moz:windowless: false, pageLoadStrategy: normal, platform: MAC, platformName: MAC, proxy: Proxy(), setWindowRect: true, strictFileInteractability: false, timeouts: {implicit: 0, pageLoad: 300000, script: 30000}, unhandledPromptBehavior: dismiss and notify}&#10;Session ID: 362186c2-74e9-4a8a-8b23-d82455e60d0a&#10;*** Element info: {Using=id, value=agree-terms}" type="org.openqa.selenium.NoSuchElementException">org.openqa.selenium.NoSuchElementException: 
Unable to locate element: #agree\-terms
For documentation on this error, please visit: https://www.seleniumhq.org/exceptions/no_such_element.html
Build info: version: '3.141.59', revision: 'e82be7d358', time: '2018-11-14T08:17:03'
System info: host: 'user1s-MacBook-Pro.local', ip: '2601:5c1:4401:43c0:0:0:0:525a%en0', os.name: 'Mac OS X', os.arch: 'x86_64', os.version: '12.6.8', java.version: '19.0.1'
Driver info: org.openqa.selenium.firefox.FirefoxDriver
Capabilities {acceptInsecureCerts: true, browserName: firefox, browserVersion: 118.0.2, javascriptEnabled: true, moz:accessibilityChecks: false, moz:buildID: 20231009140911, moz:geckodriverVersion: 0.33.0, moz:headless: false, moz:platformVersion: 21.6.0, moz:processID: 11120, moz:profile: /var/folders/tv/gdz5bgzj6bx..., moz:shutdownTimeout: 60000, moz:webdriverClick: true, moz:windowless: false, pageLoadStrategy: normal, platform: MAC, platformName: MAC, proxy: Proxy(), setWindowRect: true, strictFileInteractability: false, timeouts: {implicit: 0, pageLoad: 300000, script: 30000}, unhandledPromptBehavior: dismiss and notify}
Session ID: 362186c2-74e9-4a8a-8b23-d82455e60d0a
*** Element info: {Using=id, value=agree-terms}
</error>
    <system-out><![CDATA[
@Registration @NegativeRegistrationCases
Scenario Outline: Negative Test Case: As a DB admin, I want to make sure users can't register without providing all valid data &amp#27;[90m# ui.features/LoginAndRegistration/Registration.feature:34&amp#27;[0m
  &amp#27;[32mGiven &amp#27;[0m&amp#27;[32mthe user with &amp#27;[0m&amp#27;[32m&amp#27;[1m"jack@test.com"&amp#27;[0m&amp#27;[32m is not in DB&amp#27;[0m                                                                             &amp#27;[90m# co.wedevx.digitalbank.automation.ui.steps.RegistrationSteps.theUserWithIsNotInDB(java.lang.String)&amp#27;[0m
  &amp#27;[32mAnd &amp#27;[0m&amp#27;[32mUser navigates to Digital Bank signup page&amp#27;[0m                                                                               &amp#27;[90m# co.wedevx.digitalbank.automation.ui.steps.RegistrationSteps.user_navigates_to_digital_bank_signup_page()&amp#27;[0m
  &amp#27;[31mWhen &amp#27;[0m&amp#27;[31mUser creates account with the following fields&amp#27;[0m                                                                          &amp#27;[90m# co.wedevx.digitalbank.automation.ui.steps.RegistrationSteps.user_creates_account_with_the_following_fields(java.util.List<java.util.Map<java.lang.String, java.lang.String>>)&amp#27;[0m
    | title   | firstName | lastName | gender  | dob     | ssn     | email   | password | address | locality | region  | postalCode | country | homePhone | mobilePhone | workPhone |
    | [empty] | [empty]   | [empty]  | [empty] | [empty] | [empty] | [empty] | [empty]  | [empty] | [empty]  | [empty] | [empty]    | [empty] | [empty]   | [empty]     | [empty]   |
      &amp#27;[31morg.openqa.selenium.NoSuchElementException: Unable to locate element: #agree\-terms
For documentation on this error, please visit: https://www.seleniumhq.org/exceptions/no_such_element.html
Build info: version: '3.141.59', revision: 'e82be7d358', time: '2018-11-14T08:17:03'
System info: host: 'user1s-MacBook-Pro.local', ip: '2601:5c1:4401:43c0:0:0:0:525a%en0', os.name: 'Mac OS X', os.arch: 'x86_64', os.version: '12.6.8', java.version: '19.0.1'
Driver info: org.openqa.selenium.firefox.FirefoxDriver
Capabilities {acceptInsecureCerts: true, browserName: firefox, browserVersion: 118.0.2, javascriptEnabled: true, moz:accessibilityChecks: false, moz:buildID: 20231009140911, moz:geckodriverVersion: 0.33.0, moz:headless: false, moz:platformVersion: 21.6.0, moz:processID: 11120, moz:profile: /var/folders/tv/gdz5bgzj6bx..., moz:shutdownTimeout: 60000, moz:webdriverClick: true, moz:windowless: false, pageLoadStrategy: normal, platform: MAC, platformName: MAC, proxy: Proxy(), setWindowRect: true, strictFileInteractability: false, timeouts: {implicit: 0, pageLoad: 300000, script: 30000}, unhandledPromptBehavior: dismiss and notify}
Session ID: 362186c2-74e9-4a8a-8b23-d82455e60d0a
*** Element info: {Using=id, value=agree-terms}
	at java.base/jdk.internal.reflect.DirectConstructorHandleAccessor.newInstance(DirectConstructorHandleAccessor.java:67)
	at java.base/java.lang.reflect.Constructor.newInstanceWithCaller(Constructor.java:500)
	at java.base/java.lang.reflect.Constructor.newInstance(Constructor.java:484)
	at org.openqa.selenium.remote.http.W3CHttpResponseCodec.createException(W3CHttpResponseCodec.java:187)
	at org.openqa.selenium.remote.http.W3CHttpResponseCodec.decode(W3CHttpResponseCodec.java:122)
	at org.openqa.selenium.remote.http.W3CHttpResponseCodec.decode(W3CHttpResponseCodec.java:49)
	at org.openqa.selenium.remote.HttpCommandExecutor.execute(HttpCommandExecutor.java:158)
	at org.openqa.selenium.remote.service.DriverCommandExecutor.execute(DriverCommandExecutor.java:83)
	at org.openqa.selenium.remote.RemoteWebDriver.execute(RemoteWebDriver.java:552)
	at org.openqa.selenium.remote.RemoteWebDriver.findElement(RemoteWebDriver.java:323)
	at org.openqa.selenium.remote.RemoteWebDriver.findElementById(RemoteWebDriver.java:372)
	at org.openqa.selenium.By$ById.findElement(By.java:188)
	at org.openqa.selenium.remote.RemoteWebDriver.findElement(RemoteWebDriver.java:315)
	at org.openqa.selenium.support.pagefactory.DefaultElementLocator.findElement(DefaultElementLocator.java:69)
	at org.openqa.selenium.support.pagefactory.internal.LocatingElementHandler.invoke(LocatingElementHandler.java:38)
	at jdk.proxy2/jdk.proxy2.$Proxy21.click(Unknown Source)
	at co.wedevx.digitalbank.automation.ui.pages.RegistrationPage.fillOutRegistrationPage(RegistrationPage.java:139)
	at co.wedevx.digitalbank.automation.ui.steps.RegistrationSteps.user_creates_account_with_the_following_fields(RegistrationSteps.java:30)
	at ✽.User creates account with the following fields(classpath:ui.features/LoginAndRegistration/Registration.feature:24)
&amp#27;[0m
  &amp#27;[36mThen &amp#27;[0m&amp#27;[36mUser should the &amp#27;[0m&amp#27;[36m&amp#27;[1m"title"&amp#27;[0m&amp#27;[36m required field error message &amp#27;[0m&amp#27;[36m&amp#27;[1m"Please select an item in the list."&amp#27;[0m                               &amp#27;[90m# co.wedevx.digitalbank.automation.ui.steps.RegistrationSteps.userShouldTheRequiredFieldErrorMessage(java.lang.String,java.lang.String)&amp#27;[0m
]]></system-out>
    <system-err><![CDATA[1697898516689	geckodriver	INFO	Listening on 127.0.0.1:10617
1697898516723	mozrunner::runner	INFO	Running command: MOZ_CRASHREPORTER="1" MOZ_CRASHREPORTER_NO_REPORT="1" MOZ_CRASHREPORTER_SHUTDOWN="1" MOZ_NO_REMOTE="1" "/App ... "--marionette" "-foreground" "-no-remote" "-profile" "/var/folders/tv/gdz5bgzj6bx4lt_mp16m3m1r0000gn/T/rust_mozprofilejPsJ8c"
console.warn: services.settings: Ignoring preference override of remote settings server
console.warn: services.settings: Allow by setting MOZ_REMOTE_SETTINGS_DEVTOOLS=1 in the environment
1697898517542	Marionette	INFO	Marionette enabled
1697898517855	Marionette	INFO	Listening on port 60879
2023-10-21 10:28:37.889 plugin-container[11122:587758] nil host used in call to allowsSpecificHTTPSCertificateForHost
2023-10-21 10:28:37.890 plugin-container[11122:587758] nil host used in call to allowsAnyHTTPSCertificateForHost:
2023-10-21 10:28:37.900 plugin-container[11122:587758] nil host used in call to allowsSpecificHTTPSCertificateForHost
2023-10-21 10:28:37.900 plugin-container[11122:587758] nil host used in call to allowsAnyHTTPSCertificateForHost:
2023-10-21 10:28:37.904 plugin-container[11122:587760] nil host used in call to allowsSpecificHTTPSCertificateForHost
2023-10-21 10:28:37.904 plugin-container[11122:587760] nil host used in call to allowsAnyHTTPSCertificateForHost:
Read port: 60879
1697898518242	RemoteAgent	WARN	TLS certificate errors will be ignored for this session
Oct 21, 2023 10:28:40 AM org.openqa.selenium.remote.ProtocolHandshake createSession
INFO: Detected dialect: W3C
2023-10-21 14:28:40.548 plugin-container[11128:587991] nil host used in call to allowsSpecificHTTPSCertificateForHost
2023-10-21 14:28:40.548 plugin-container[11128:587991] nil host used in call to allowsAnyHTTPSCertificateForHost:
2023-10-21 14:28:40.567 plugin-container[11128:587991] nil host used in call to allowsSpecificHTTPSCertificateForHost
2023-10-21 14:28:40.569 plugin-container[11128:587991] nil host used in call to allowsAnyHTTPSCertificateForHost:
2023-10-21 14:28:40.573 plugin-container[11128:588012] nil host used in call to allowsSpecificHTTPSCertificateForHost
2023-10-21 14:28:40.573 plugin-container[11128:588012] nil host used in call to allowsAnyHTTPSCertificateForHost:
JavaScript error: http://sultanmamytov.mydevx.com/bank/js/dashboard.js, line 39: ReferenceError: Chart is not defined
JavaScript error: http://sultanmamytov.mydevx.com/bank/js/widgets.js, line 24: TypeError: ctx is null
JavaScript error: http://sultanmamytov.mydevx.com/bank/signup, line 160: TypeError: $(...).datepicker is not a function
]]></system-err>
  </testcase>
  <testcase name="Example #2" classname="co.wedevx.digitalbank.automation.ui.runners.UIRegressionRunner" time="8.797">
    <error message="Unable to locate element: #agree\-terms&#10;For documentation on this error, please visit: https://www.seleniumhq.org/exceptions/no_such_element.html&#10;Build info: version: &apos;3.141.59&apos;, revision: &apos;e82be7d358&apos;, time: &apos;2018-11-14T08:17:03&apos;&#10;System info: host: &apos;user1s-MacBook-Pro.local&apos;, ip: &apos;2601:5c1:4401:43c0:0:0:0:525a%en0&apos;, os.name: &apos;Mac OS X&apos;, os.arch: &apos;x86_64&apos;, os.version: &apos;12.6.8&apos;, java.version: &apos;19.0.1&apos;&#10;Driver info: org.openqa.selenium.firefox.FirefoxDriver&#10;Capabilities {acceptInsecureCerts: true, browserName: firefox, browserVersion: 118.0.2, javascriptEnabled: true, moz:accessibilityChecks: false, moz:buildID: 20231009140911, moz:geckodriverVersion: 0.33.0, moz:headless: false, moz:platformVersion: 21.6.0, moz:processID: 11120, moz:profile: /var/folders/tv/gdz5bgzj6bx..., moz:shutdownTimeout: 60000, moz:webdriverClick: true, moz:windowless: false, pageLoadStrategy: normal, platform: MAC, platformName: MAC, proxy: Proxy(), setWindowRect: true, strictFileInteractability: false, timeouts: {implicit: 0, pageLoad: 300000, script: 30000}, unhandledPromptBehavior: dismiss and notify}&#10;Session ID: 362186c2-74e9-4a8a-8b23-d82455e60d0a&#10;*** Element info: {Using=id, value=agree-terms}" type="org.openqa.selenium.NoSuchElementException">org.openqa.selenium.NoSuchElementException: 
Unable to locate element: #agree\-terms
For documentation on this error, please visit: https://www.seleniumhq.org/exceptions/no_such_element.html
Build info: version: '3.141.59', revision: 'e82be7d358', time: '2018-11-14T08:17:03'
System info: host: 'user1s-MacBook-Pro.local', ip: '2601:5c1:4401:43c0:0:0:0:525a%en0', os.name: 'Mac OS X', os.arch: 'x86_64', os.version: '12.6.8', java.version: '19.0.1'
Driver info: org.openqa.selenium.firefox.FirefoxDriver
Capabilities {acceptInsecureCerts: true, browserName: firefox, browserVersion: 118.0.2, javascriptEnabled: true, moz:accessibilityChecks: false, moz:buildID: 20231009140911, moz:geckodriverVersion: 0.33.0, moz:headless: false, moz:platformVersion: 21.6.0, moz:processID: 11120, moz:profile: /var/folders/tv/gdz5bgzj6bx..., moz:shutdownTimeout: 60000, moz:webdriverClick: true, moz:windowless: false, pageLoadStrategy: normal, platform: MAC, platformName: MAC, proxy: Proxy(), setWindowRect: true, strictFileInteractability: false, timeouts: {implicit: 0, pageLoad: 300000, script: 30000}, unhandledPromptBehavior: dismiss and notify}
Session ID: 362186c2-74e9-4a8a-8b23-d82455e60d0a
*** Element info: {Using=id, value=agree-terms}
</error>
    <system-out><![CDATA[
@Registration @NegativeRegistrationCases
Scenario Outline: Negative Test Case: As a DB admin, I want to make sure users can't register without providing all valid data &amp#27;[90m# ui.features/LoginAndRegistration/Registration.feature:35&amp#27;[0m
  &amp#27;[32mGiven &amp#27;[0m&amp#27;[32mthe user with &amp#27;[0m&amp#27;[32m&amp#27;[1m"jack@test.com"&amp#27;[0m&amp#27;[32m is not in DB&amp#27;[0m                                                                             &amp#27;[90m# co.wedevx.digitalbank.automation.ui.steps.RegistrationSteps.theUserWithIsNotInDB(java.lang.String)&amp#27;[0m
  &amp#27;[32mAnd &amp#27;[0m&amp#27;[32mUser navigates to Digital Bank signup page&amp#27;[0m                                                                               &amp#27;[90m# co.wedevx.digitalbank.automation.ui.steps.RegistrationSteps.user_navigates_to_digital_bank_signup_page()&amp#27;[0m
  &amp#27;[31mWhen &amp#27;[0m&amp#27;[31mUser creates account with the following fields&amp#27;[0m                                                                          &amp#27;[90m# co.wedevx.digitalbank.automation.ui.steps.RegistrationSteps.user_creates_account_with_the_following_fields(java.util.List<java.util.Map<java.lang.String, java.lang.String>>)&amp#27;[0m
    | title | firstName | lastName | gender  | dob     | ssn     | email   | password | address | locality | region  | postalCode | country | homePhone | mobilePhone | workPhone |
    | Mr.   | [empty]   | [empty]  | [empty] | [empty] | [empty] | [empty] | [empty]  | [empty] | [empty]  | [empty] | [empty]    | [empty] | [empty]   | [empty]     | [empty]   |
      &amp#27;[31morg.openqa.selenium.NoSuchElementException: Unable to locate element: #agree\-terms
For documentation on this error, please visit: https://www.seleniumhq.org/exceptions/no_such_element.html
Build info: version: '3.141.59', revision: 'e82be7d358', time: '2018-11-14T08:17:03'
System info: host: 'user1s-MacBook-Pro.local', ip: '2601:5c1:4401:43c0:0:0:0:525a%en0', os.name: 'Mac OS X', os.arch: 'x86_64', os.version: '12.6.8', java.version: '19.0.1'
Driver info: org.openqa.selenium.firefox.FirefoxDriver
Capabilities {acceptInsecureCerts: true, browserName: firefox, browserVersion: 118.0.2, javascriptEnabled: true, moz:accessibilityChecks: false, moz:buildID: 20231009140911, moz:geckodriverVersion: 0.33.0, moz:headless: false, moz:platformVersion: 21.6.0, moz:processID: 11120, moz:profile: /var/folders/tv/gdz5bgzj6bx..., moz:shutdownTimeout: 60000, moz:webdriverClick: true, moz:windowless: false, pageLoadStrategy: normal, platform: MAC, platformName: MAC, proxy: Proxy(), setWindowRect: true, strictFileInteractability: false, timeouts: {implicit: 0, pageLoad: 300000, script: 30000}, unhandledPromptBehavior: dismiss and notify}
Session ID: 362186c2-74e9-4a8a-8b23-d82455e60d0a
*** Element info: {Using=id, value=agree-terms}
	at java.base/jdk.internal.reflect.DirectConstructorHandleAccessor.newInstance(DirectConstructorHandleAccessor.java:67)
	at java.base/java.lang.reflect.Constructor.newInstanceWithCaller(Constructor.java:500)
	at java.base/java.lang.reflect.Constructor.newInstance(Constructor.java:484)
	at org.openqa.selenium.remote.http.W3CHttpResponseCodec.createException(W3CHttpResponseCodec.java:187)
	at org.openqa.selenium.remote.http.W3CHttpResponseCodec.decode(W3CHttpResponseCodec.java:122)
	at org.openqa.selenium.remote.http.W3CHttpResponseCodec.decode(W3CHttpResponseCodec.java:49)
	at org.openqa.selenium.remote.HttpCommandExecutor.execute(HttpCommandExecutor.java:158)
	at org.openqa.selenium.remote.service.DriverCommandExecutor.execute(DriverCommandExecutor.java:83)
	at org.openqa.selenium.remote.RemoteWebDriver.execute(RemoteWebDriver.java:552)
	at org.openqa.selenium.remote.RemoteWebDriver.findElement(RemoteWebDriver.java:323)
	at org.openqa.selenium.remote.RemoteWebDriver.findElementById(RemoteWebDriver.java:372)
	at org.openqa.selenium.By$ById.findElement(By.java:188)
	at org.openqa.selenium.remote.RemoteWebDriver.findElement(RemoteWebDriver.java:315)
	at org.openqa.selenium.support.pagefactory.DefaultElementLocator.findElement(DefaultElementLocator.java:69)
	at org.openqa.selenium.support.pagefactory.internal.LocatingElementHandler.invoke(LocatingElementHandler.java:38)
	at jdk.proxy2/jdk.proxy2.$Proxy21.click(Unknown Source)
	at co.wedevx.digitalbank.automation.ui.pages.RegistrationPage.fillOutRegistrationPage(RegistrationPage.java:139)
	at co.wedevx.digitalbank.automation.ui.steps.RegistrationSteps.user_creates_account_with_the_following_fields(RegistrationSteps.java:30)
	at ✽.User creates account with the following fields(classpath:ui.features/LoginAndRegistration/Registration.feature:24)
&amp#27;[0m
  &amp#27;[36mThen &amp#27;[0m&amp#27;[36mUser should the &amp#27;[0m&amp#27;[36m&amp#27;[1m"firstName"&amp#27;[0m&amp#27;[36m required field error message &amp#27;[0m&amp#27;[36m&amp#27;[1m"Please fill out this field."&amp#27;[0m                                  &amp#27;[90m# co.wedevx.digitalbank.automation.ui.steps.RegistrationSteps.userShouldTheRequiredFieldErrorMessage(java.lang.String,java.lang.String)&amp#27;[0m
]]></system-out>
    <system-err><![CDATA[JavaScript error: http://sultanmamytov.mydevx.com/bank/js/dashboard.js, line 39: ReferenceError: Chart is not defined
JavaScript error: http://sultanmamytov.mydevx.com/bank/js/widgets.js, line 24: TypeError: ctx is null
JavaScript error: http://sultanmamytov.mydevx.com/bank/signup, line 160: TypeError: $(...).datepicker is not a function
]]></system-err>
  </testcase>
  <testcase name="Example #3" classname="co.wedevx.digitalbank.automation.ui.runners.UIRegressionRunner" time="8.853">
    <error message="Unable to locate element: #agree\-terms&#10;For documentation on this error, please visit: https://www.seleniumhq.org/exceptions/no_such_element.html&#10;Build info: version: &apos;3.141.59&apos;, revision: &apos;e82be7d358&apos;, time: &apos;2018-11-14T08:17:03&apos;&#10;System info: host: &apos;user1s-MacBook-Pro.local&apos;, ip: &apos;2601:5c1:4401:43c0:0:0:0:525a%en0&apos;, os.name: &apos;Mac OS X&apos;, os.arch: &apos;x86_64&apos;, os.version: &apos;12.6.8&apos;, java.version: &apos;19.0.1&apos;&#10;Driver info: org.openqa.selenium.firefox.FirefoxDriver&#10;Capabilities {acceptInsecureCerts: true, browserName: firefox, browserVersion: 118.0.2, javascriptEnabled: true, moz:accessibilityChecks: false, moz:buildID: 20231009140911, moz:geckodriverVersion: 0.33.0, moz:headless: false, moz:platformVersion: 21.6.0, moz:processID: 11120, moz:profile: /var/folders/tv/gdz5bgzj6bx..., moz:shutdownTimeout: 60000, moz:webdriverClick: true, moz:windowless: false, pageLoadStrategy: normal, platform: MAC, platformName: MAC, proxy: Proxy(), setWindowRect: true, strictFileInteractability: false, timeouts: {implicit: 0, pageLoad: 300000, script: 30000}, unhandledPromptBehavior: dismiss and notify}&#10;Session ID: 362186c2-74e9-4a8a-8b23-d82455e60d0a&#10;*** Element info: {Using=id, value=agree-terms}" type="org.openqa.selenium.NoSuchElementException">org.openqa.selenium.NoSuchElementException: 
Unable to locate element: #agree\-terms
For documentation on this error, please visit: https://www.seleniumhq.org/exceptions/no_such_element.html
Build info: version: '3.141.59', revision: 'e82be7d358', time: '2018-11-14T08:17:03'
System info: host: 'user1s-MacBook-Pro.local', ip: '2601:5c1:4401:43c0:0:0:0:525a%en0', os.name: 'Mac OS X', os.arch: 'x86_64', os.version: '12.6.8', java.version: '19.0.1'
Driver info: org.openqa.selenium.firefox.FirefoxDriver
Capabilities {acceptInsecureCerts: true, browserName: firefox, browserVersion: 118.0.2, javascriptEnabled: true, moz:accessibilityChecks: false, moz:buildID: 20231009140911, moz:geckodriverVersion: 0.33.0, moz:headless: false, moz:platformVersion: 21.6.0, moz:processID: 11120, moz:profile: /var/folders/tv/gdz5bgzj6bx..., moz:shutdownTimeout: 60000, moz:webdriverClick: true, moz:windowless: false, pageLoadStrategy: normal, platform: MAC, platformName: MAC, proxy: Proxy(), setWindowRect: true, strictFileInteractability: false, timeouts: {implicit: 0, pageLoad: 300000, script: 30000}, unhandledPromptBehavior: dismiss and notify}
Session ID: 362186c2-74e9-4a8a-8b23-d82455e60d0a
*** Element info: {Using=id, value=agree-terms}
</error>
    <system-out><![CDATA[
@Registration @NegativeRegistrationCases
Scenario Outline: Negative Test Case: As a DB admin, I want to make sure users can't register without providing all valid data &amp#27;[90m# ui.features/LoginAndRegistration/Registration.feature:36&amp#27;[0m
  &amp#27;[32mGiven &amp#27;[0m&amp#27;[32mthe user with &amp#27;[0m&amp#27;[32m&amp#27;[1m"jack@test.com"&amp#27;[0m&amp#27;[32m is not in DB&amp#27;[0m                                                                             &amp#27;[90m# co.wedevx.digitalbank.automation.ui.steps.RegistrationSteps.theUserWithIsNotInDB(java.lang.String)&amp#27;[0m
  &amp#27;[32mAnd &amp#27;[0m&amp#27;[32mUser navigates to Digital Bank signup page&amp#27;[0m                                                                               &amp#27;[90m# co.wedevx.digitalbank.automation.ui.steps.RegistrationSteps.user_navigates_to_digital_bank_signup_page()&amp#27;[0m
  &amp#27;[31mWhen &amp#27;[0m&amp#27;[31mUser creates account with the following fields&amp#27;[0m                                                                          &amp#27;[90m# co.wedevx.digitalbank.automation.ui.steps.RegistrationSteps.user_creates_account_with_the_following_fields(java.util.List<java.util.Map<java.lang.String, java.lang.String>>)&amp#27;[0m
    | title | firstName | lastName | gender  | dob     | ssn     | email   | password | address | locality | region  | postalCode | country | homePhone | mobilePhone | workPhone |
    | Mr.   | Jack      | [empty]  | [empty] | [empty] | [empty] | [empty] | [empty]  | [empty] | [empty]  | [empty] | [empty]    | [empty] | [empty]   | [empty]     | [empty]   |
      &amp#27;[31morg.openqa.selenium.NoSuchElementException: Unable to locate element: #agree\-terms
For documentation on this error, please visit: https://www.seleniumhq.org/exceptions/no_such_element.html
Build info: version: '3.141.59', revision: 'e82be7d358', time: '2018-11-14T08:17:03'
System info: host: 'user1s-MacBook-Pro.local', ip: '2601:5c1:4401:43c0:0:0:0:525a%en0', os.name: 'Mac OS X', os.arch: 'x86_64', os.version: '12.6.8', java.version: '19.0.1'
Driver info: org.openqa.selenium.firefox.FirefoxDriver
Capabilities {acceptInsecureCerts: true, browserName: firefox, browserVersion: 118.0.2, javascriptEnabled: true, moz:accessibilityChecks: false, moz:buildID: 20231009140911, moz:geckodriverVersion: 0.33.0, moz:headless: false, moz:platformVersion: 21.6.0, moz:processID: 11120, moz:profile: /var/folders/tv/gdz5bgzj6bx..., moz:shutdownTimeout: 60000, moz:webdriverClick: true, moz:windowless: false, pageLoadStrategy: normal, platform: MAC, platformName: MAC, proxy: Proxy(), setWindowRect: true, strictFileInteractability: false, timeouts: {implicit: 0, pageLoad: 300000, script: 30000}, unhandledPromptBehavior: dismiss and notify}
Session ID: 362186c2-74e9-4a8a-8b23-d82455e60d0a
*** Element info: {Using=id, value=agree-terms}
	at java.base/jdk.internal.reflect.DirectConstructorHandleAccessor.newInstance(DirectConstructorHandleAccessor.java:67)
	at java.base/java.lang.reflect.Constructor.newInstanceWithCaller(Constructor.java:500)
	at java.base/java.lang.reflect.Constructor.newInstance(Constructor.java:484)
	at org.openqa.selenium.remote.http.W3CHttpResponseCodec.createException(W3CHttpResponseCodec.java:187)
	at org.openqa.selenium.remote.http.W3CHttpResponseCodec.decode(W3CHttpResponseCodec.java:122)
	at org.openqa.selenium.remote.http.W3CHttpResponseCodec.decode(W3CHttpResponseCodec.java:49)
	at org.openqa.selenium.remote.HttpCommandExecutor.execute(HttpCommandExecutor.java:158)
	at org.openqa.selenium.remote.service.DriverCommandExecutor.execute(DriverCommandExecutor.java:83)
	at org.openqa.selenium.remote.RemoteWebDriver.execute(RemoteWebDriver.java:552)
	at org.openqa.selenium.remote.RemoteWebDriver.findElement(RemoteWebDriver.java:323)
	at org.openqa.selenium.remote.RemoteWebDriver.findElementById(RemoteWebDriver.java:372)
	at org.openqa.selenium.By$ById.findElement(By.java:188)
	at org.openqa.selenium.remote.RemoteWebDriver.findElement(RemoteWebDriver.java:315)
	at org.openqa.selenium.support.pagefactory.DefaultElementLocator.findElement(DefaultElementLocator.java:69)
	at org.openqa.selenium.support.pagefactory.internal.LocatingElementHandler.invoke(LocatingElementHandler.java:38)
	at jdk.proxy2/jdk.proxy2.$Proxy21.click(Unknown Source)
	at co.wedevx.digitalbank.automation.ui.pages.RegistrationPage.fillOutRegistrationPage(RegistrationPage.java:139)
	at co.wedevx.digitalbank.automation.ui.steps.RegistrationSteps.user_creates_account_with_the_following_fields(RegistrationSteps.java:30)
	at ✽.User creates account with the following fields(classpath:ui.features/LoginAndRegistration/Registration.feature:24)
&amp#27;[0m
  &amp#27;[36mThen &amp#27;[0m&amp#27;[36mUser should the &amp#27;[0m&amp#27;[36m&amp#27;[1m"lastName"&amp#27;[0m&amp#27;[36m required field error message &amp#27;[0m&amp#27;[36m&amp#27;[1m"Please fill out this field."&amp#27;[0m                                   &amp#27;[90m# co.wedevx.digitalbank.automation.ui.steps.RegistrationSteps.userShouldTheRequiredFieldErrorMessage(java.lang.String,java.lang.String)&amp#27;[0m
]]></system-out>
    <system-err><![CDATA[JavaScript error: http://sultanmamytov.mydevx.com/bank/js/dashboard.js, line 39: ReferenceError: Chart is not defined
JavaScript error: http://sultanmamytov.mydevx.com/bank/js/widgets.js, line 24: TypeError: ctx is null
JavaScript error: http://sultanmamytov.mydevx.com/bank/signup, line 160: TypeError: $(...).datepicker is not a function
]]></system-err>
  </testcase>
  <testcase name="Example #4" classname="co.wedevx.digitalbank.automation.ui.runners.UIRegressionRunner" time="9.284">
    <error message="Unable to locate element: #agree\-terms&#10;For documentation on this error, please visit: https://www.seleniumhq.org/exceptions/no_such_element.html&#10;Build info: version: &apos;3.141.59&apos;, revision: &apos;e82be7d358&apos;, time: &apos;2018-11-14T08:17:03&apos;&#10;System info: host: &apos;user1s-MacBook-Pro.local&apos;, ip: &apos;2601:5c1:4401:43c0:0:0:0:525a%en0&apos;, os.name: &apos;Mac OS X&apos;, os.arch: &apos;x86_64&apos;, os.version: &apos;12.6.8&apos;, java.version: &apos;19.0.1&apos;&#10;Driver info: org.openqa.selenium.firefox.FirefoxDriver&#10;Capabilities {acceptInsecureCerts: true, browserName: firefox, browserVersion: 118.0.2, javascriptEnabled: true, moz:accessibilityChecks: false, moz:buildID: 20231009140911, moz:geckodriverVersion: 0.33.0, moz:headless: false, moz:platformVersion: 21.6.0, moz:processID: 11120, moz:profile: /var/folders/tv/gdz5bgzj6bx..., moz:shutdownTimeout: 60000, moz:webdriverClick: true, moz:windowless: false, pageLoadStrategy: normal, platform: MAC, platformName: MAC, proxy: Proxy(), setWindowRect: true, strictFileInteractability: false, timeouts: {implicit: 0, pageLoad: 300000, script: 30000}, unhandledPromptBehavior: dismiss and notify}&#10;Session ID: 362186c2-74e9-4a8a-8b23-d82455e60d0a&#10;*** Element info: {Using=id, value=agree-terms}" type="org.openqa.selenium.NoSuchElementException">org.openqa.selenium.NoSuchElementException: 
Unable to locate element: #agree\-terms
For documentation on this error, please visit: https://www.seleniumhq.org/exceptions/no_such_element.html
Build info: version: '3.141.59', revision: 'e82be7d358', time: '2018-11-14T08:17:03'
System info: host: 'user1s-MacBook-Pro.local', ip: '2601:5c1:4401:43c0:0:0:0:525a%en0', os.name: 'Mac OS X', os.arch: 'x86_64', os.version: '12.6.8', java.version: '19.0.1'
Driver info: org.openqa.selenium.firefox.FirefoxDriver
Capabilities {acceptInsecureCerts: true, browserName: firefox, browserVersion: 118.0.2, javascriptEnabled: true, moz:accessibilityChecks: false, moz:buildID: 20231009140911, moz:geckodriverVersion: 0.33.0, moz:headless: false, moz:platformVersion: 21.6.0, moz:processID: 11120, moz:profile: /var/folders/tv/gdz5bgzj6bx..., moz:shutdownTimeout: 60000, moz:webdriverClick: true, moz:windowless: false, pageLoadStrategy: normal, platform: MAC, platformName: MAC, proxy: Proxy(), setWindowRect: true, strictFileInteractability: false, timeouts: {implicit: 0, pageLoad: 300000, script: 30000}, unhandledPromptBehavior: dismiss and notify}
Session ID: 362186c2-74e9-4a8a-8b23-d82455e60d0a
*** Element info: {Using=id, value=agree-terms}
</error>
    <system-out><![CDATA[
@Registration @NegativeRegistrationCases
Scenario Outline: Negative Test Case: As a DB admin, I want to make sure users can't register without providing all valid data &amp#27;[90m# ui.features/LoginAndRegistration/Registration.feature:37&amp#27;[0m
  &amp#27;[32mGiven &amp#27;[0m&amp#27;[32mthe user with &amp#27;[0m&amp#27;[32m&amp#27;[1m"jack@test.com"&amp#27;[0m&amp#27;[32m is not in DB&amp#27;[0m                                                                             &amp#27;[90m# co.wedevx.digitalbank.automation.ui.steps.RegistrationSteps.theUserWithIsNotInDB(java.lang.String)&amp#27;[0m
  &amp#27;[32mAnd &amp#27;[0m&amp#27;[32mUser navigates to Digital Bank signup page&amp#27;[0m                                                                               &amp#27;[90m# co.wedevx.digitalbank.automation.ui.steps.RegistrationSteps.user_navigates_to_digital_bank_signup_page()&amp#27;[0m
  &amp#27;[31mWhen &amp#27;[0m&amp#27;[31mUser creates account with the following fields&amp#27;[0m                                                                          &amp#27;[90m# co.wedevx.digitalbank.automation.ui.steps.RegistrationSteps.user_creates_account_with_the_following_fields(java.util.List<java.util.Map<java.lang.String, java.lang.String>>)&amp#27;[0m
    | title | firstName | lastName | gender  | dob     | ssn     | email   | password | address | locality | region  | postalCode | country | homePhone | mobilePhone | workPhone |
    | Mr.   | Jack      | Test     | [empty] | [empty] | [empty] | [empty] | [empty]  | [empty] | [empty]  | [empty] | [empty]    | [empty] | [empty]   | [empty]     | [empty]   |
      &amp#27;[31morg.openqa.selenium.NoSuchElementException: Unable to locate element: #agree\-terms
For documentation on this error, please visit: https://www.seleniumhq.org/exceptions/no_such_element.html
Build info: version: '3.141.59', revision: 'e82be7d358', time: '2018-11-14T08:17:03'
System info: host: 'user1s-MacBook-Pro.local', ip: '2601:5c1:4401:43c0:0:0:0:525a%en0', os.name: 'Mac OS X', os.arch: 'x86_64', os.version: '12.6.8', java.version: '19.0.1'
Driver info: org.openqa.selenium.firefox.FirefoxDriver
Capabilities {acceptInsecureCerts: true, browserName: firefox, browserVersion: 118.0.2, javascriptEnabled: true, moz:accessibilityChecks: false, moz:buildID: 20231009140911, moz:geckodriverVersion: 0.33.0, moz:headless: false, moz:platformVersion: 21.6.0, moz:processID: 11120, moz:profile: /var/folders/tv/gdz5bgzj6bx..., moz:shutdownTimeout: 60000, moz:webdriverClick: true, moz:windowless: false, pageLoadStrategy: normal, platform: MAC, platformName: MAC, proxy: Proxy(), setWindowRect: true, strictFileInteractability: false, timeouts: {implicit: 0, pageLoad: 300000, script: 30000}, unhandledPromptBehavior: dismiss and notify}
Session ID: 362186c2-74e9-4a8a-8b23-d82455e60d0a
*** Element info: {Using=id, value=agree-terms}
	at java.base/jdk.internal.reflect.DirectConstructorHandleAccessor.newInstance(DirectConstructorHandleAccessor.java:67)
	at java.base/java.lang.reflect.Constructor.newInstanceWithCaller(Constructor.java:500)
	at java.base/java.lang.reflect.Constructor.newInstance(Constructor.java:484)
	at org.openqa.selenium.remote.http.W3CHttpResponseCodec.createException(W3CHttpResponseCodec.java:187)
	at org.openqa.selenium.remote.http.W3CHttpResponseCodec.decode(W3CHttpResponseCodec.java:122)
	at org.openqa.selenium.remote.http.W3CHttpResponseCodec.decode(W3CHttpResponseCodec.java:49)
	at org.openqa.selenium.remote.HttpCommandExecutor.execute(HttpCommandExecutor.java:158)
	at org.openqa.selenium.remote.service.DriverCommandExecutor.execute(DriverCommandExecutor.java:83)
	at org.openqa.selenium.remote.RemoteWebDriver.execute(RemoteWebDriver.java:552)
	at org.openqa.selenium.remote.RemoteWebDriver.findElement(RemoteWebDriver.java:323)
	at org.openqa.selenium.remote.RemoteWebDriver.findElementById(RemoteWebDriver.java:372)
	at org.openqa.selenium.By$ById.findElement(By.java:188)
	at org.openqa.selenium.remote.RemoteWebDriver.findElement(RemoteWebDriver.java:315)
	at org.openqa.selenium.support.pagefactory.DefaultElementLocator.findElement(DefaultElementLocator.java:69)
	at org.openqa.selenium.support.pagefactory.internal.LocatingElementHandler.invoke(LocatingElementHandler.java:38)
	at jdk.proxy2/jdk.proxy2.$Proxy21.click(Unknown Source)
	at co.wedevx.digitalbank.automation.ui.pages.RegistrationPage.fillOutRegistrationPage(RegistrationPage.java:139)
	at co.wedevx.digitalbank.automation.ui.steps.RegistrationSteps.user_creates_account_with_the_following_fields(RegistrationSteps.java:30)
	at ✽.User creates account with the following fields(classpath:ui.features/LoginAndRegistration/Registration.feature:24)
&amp#27;[0m
  &amp#27;[36mThen &amp#27;[0m&amp#27;[36mUser should the &amp#27;[0m&amp#27;[36m&amp#27;[1m"gender"&amp#27;[0m&amp#27;[36m required field error message &amp#27;[0m&amp#27;[36m&amp#27;[1m"Please select one of these options."&amp#27;[0m                             &amp#27;[90m# co.wedevx.digitalbank.automation.ui.steps.RegistrationSteps.userShouldTheRequiredFieldErrorMessage(java.lang.String,java.lang.String)&amp#27;[0m
]]></system-out>
    <system-err><![CDATA[JavaScript error: http://sultanmamytov.mydevx.com/bank/js/dashboard.js, line 39: ReferenceError: Chart is not defined
JavaScript error: http://sultanmamytov.mydevx.com/bank/js/widgets.js, line 24: TypeError: ctx is null
JavaScript error: http://sultanmamytov.mydevx.com/bank/signup, line 160: TypeError: $(...).datepicker is not a function
]]></system-err>
  </testcase>
  <testcase name="Example #5" classname="co.wedevx.digitalbank.automation.ui.runners.UIRegressionRunner" time="9.896">
    <error message="Unable to locate element: #agree\-terms&#10;For documentation on this error, please visit: https://www.seleniumhq.org/exceptions/no_such_element.html&#10;Build info: version: &apos;3.141.59&apos;, revision: &apos;e82be7d358&apos;, time: &apos;2018-11-14T08:17:03&apos;&#10;System info: host: &apos;user1s-MacBook-Pro.local&apos;, ip: &apos;2601:5c1:4401:43c0:0:0:0:525a%en0&apos;, os.name: &apos;Mac OS X&apos;, os.arch: &apos;x86_64&apos;, os.version: &apos;12.6.8&apos;, java.version: &apos;19.0.1&apos;&#10;Driver info: org.openqa.selenium.firefox.FirefoxDriver&#10;Capabilities {acceptInsecureCerts: true, browserName: firefox, browserVersion: 118.0.2, javascriptEnabled: true, moz:accessibilityChecks: false, moz:buildID: 20231009140911, moz:geckodriverVersion: 0.33.0, moz:headless: false, moz:platformVersion: 21.6.0, moz:processID: 11120, moz:profile: /var/folders/tv/gdz5bgzj6bx..., moz:shutdownTimeout: 60000, moz:webdriverClick: true, moz:windowless: false, pageLoadStrategy: normal, platform: MAC, platformName: MAC, proxy: Proxy(), setWindowRect: true, strictFileInteractability: false, timeouts: {implicit: 0, pageLoad: 300000, script: 30000}, unhandledPromptBehavior: dismiss and notify}&#10;Session ID: 362186c2-74e9-4a8a-8b23-d82455e60d0a&#10;*** Element info: {Using=id, value=agree-terms}" type="org.openqa.selenium.NoSuchElementException">org.openqa.selenium.NoSuchElementException: 
Unable to locate element: #agree\-terms
For documentation on this error, please visit: https://www.seleniumhq.org/exceptions/no_such_element.html
Build info: version: '3.141.59', revision: 'e82be7d358', time: '2018-11-14T08:17:03'
System info: host: 'user1s-MacBook-Pro.local', ip: '2601:5c1:4401:43c0:0:0:0:525a%en0', os.name: 'Mac OS X', os.arch: 'x86_64', os.version: '12.6.8', java.version: '19.0.1'
Driver info: org.openqa.selenium.firefox.FirefoxDriver
Capabilities {acceptInsecureCerts: true, browserName: firefox, browserVersion: 118.0.2, javascriptEnabled: true, moz:accessibilityChecks: false, moz:buildID: 20231009140911, moz:geckodriverVersion: 0.33.0, moz:headless: false, moz:platformVersion: 21.6.0, moz:processID: 11120, moz:profile: /var/folders/tv/gdz5bgzj6bx..., moz:shutdownTimeout: 60000, moz:webdriverClick: true, moz:windowless: false, pageLoadStrategy: normal, platform: MAC, platformName: MAC, proxy: Proxy(), setWindowRect: true, strictFileInteractability: false, timeouts: {implicit: 0, pageLoad: 300000, script: 30000}, unhandledPromptBehavior: dismiss and notify}
Session ID: 362186c2-74e9-4a8a-8b23-d82455e60d0a
*** Element info: {Using=id, value=agree-terms}
</error>
    <system-out><![CDATA[
@Registration @NegativeRegistrationCases
Scenario Outline: Negative Test Case: As a DB admin, I want to make sure users can't register without providing all valid data &amp#27;[90m# ui.features/LoginAndRegistration/Registration.feature:38&amp#27;[0m
  &amp#27;[32mGiven &amp#27;[0m&amp#27;[32mthe user with &amp#27;[0m&amp#27;[32m&amp#27;[1m"jack@test.com"&amp#27;[0m&amp#27;[32m is not in DB&amp#27;[0m                                                                             &amp#27;[90m# co.wedevx.digitalbank.automation.ui.steps.RegistrationSteps.theUserWithIsNotInDB(java.lang.String)&amp#27;[0m
  &amp#27;[32mAnd &amp#27;[0m&amp#27;[32mUser navigates to Digital Bank signup page&amp#27;[0m                                                                               &amp#27;[90m# co.wedevx.digitalbank.automation.ui.steps.RegistrationSteps.user_navigates_to_digital_bank_signup_page()&amp#27;[0m
  &amp#27;[31mWhen &amp#27;[0m&amp#27;[31mUser creates account with the following fields&amp#27;[0m                                                                          &amp#27;[90m# co.wedevx.digitalbank.automation.ui.steps.RegistrationSteps.user_creates_account_with_the_following_fields(java.util.List<java.util.Map<java.lang.String, java.lang.String>>)&amp#27;[0m
    | title | firstName | lastName | gender | dob     | ssn     | email   | password | address | locality | region  | postalCode | country | homePhone | mobilePhone | workPhone |
    | Mr.   | Jack      | Test     | M      | [empty] | [empty] | [empty] | [empty]  | [empty] | [empty]  | [empty] | [empty]    | [empty] | [empty]   | [empty]     | [empty]   |
      &amp#27;[31morg.openqa.selenium.NoSuchElementException: Unable to locate element: #agree\-terms
For documentation on this error, please visit: https://www.seleniumhq.org/exceptions/no_such_element.html
Build info: version: '3.141.59', revision: 'e82be7d358', time: '2018-11-14T08:17:03'
System info: host: 'user1s-MacBook-Pro.local', ip: '2601:5c1:4401:43c0:0:0:0:525a%en0', os.name: 'Mac OS X', os.arch: 'x86_64', os.version: '12.6.8', java.version: '19.0.1'
Driver info: org.openqa.selenium.firefox.FirefoxDriver
Capabilities {acceptInsecureCerts: true, browserName: firefox, browserVersion: 118.0.2, javascriptEnabled: true, moz:accessibilityChecks: false, moz:buildID: 20231009140911, moz:geckodriverVersion: 0.33.0, moz:headless: false, moz:platformVersion: 21.6.0, moz:processID: 11120, moz:profile: /var/folders/tv/gdz5bgzj6bx..., moz:shutdownTimeout: 60000, moz:webdriverClick: true, moz:windowless: false, pageLoadStrategy: normal, platform: MAC, platformName: MAC, proxy: Proxy(), setWindowRect: true, strictFileInteractability: false, timeouts: {implicit: 0, pageLoad: 300000, script: 30000}, unhandledPromptBehavior: dismiss and notify}
Session ID: 362186c2-74e9-4a8a-8b23-d82455e60d0a
*** Element info: {Using=id, value=agree-terms}
	at java.base/jdk.internal.reflect.DirectConstructorHandleAccessor.newInstance(DirectConstructorHandleAccessor.java:67)
	at java.base/java.lang.reflect.Constructor.newInstanceWithCaller(Constructor.java:500)
	at java.base/java.lang.reflect.Constructor.newInstance(Constructor.java:484)
	at org.openqa.selenium.remote.http.W3CHttpResponseCodec.createException(W3CHttpResponseCodec.java:187)
	at org.openqa.selenium.remote.http.W3CHttpResponseCodec.decode(W3CHttpResponseCodec.java:122)
	at org.openqa.selenium.remote.http.W3CHttpResponseCodec.decode(W3CHttpResponseCodec.java:49)
	at org.openqa.selenium.remote.HttpCommandExecutor.execute(HttpCommandExecutor.java:158)
	at org.openqa.selenium.remote.service.DriverCommandExecutor.execute(DriverCommandExecutor.java:83)
	at org.openqa.selenium.remote.RemoteWebDriver.execute(RemoteWebDriver.java:552)
	at org.openqa.selenium.remote.RemoteWebDriver.findElement(RemoteWebDriver.java:323)
	at org.openqa.selenium.remote.RemoteWebDriver.findElementById(RemoteWebDriver.java:372)
	at org.openqa.selenium.By$ById.findElement(By.java:188)
	at org.openqa.selenium.remote.RemoteWebDriver.findElement(RemoteWebDriver.java:315)
	at org.openqa.selenium.support.pagefactory.DefaultElementLocator.findElement(DefaultElementLocator.java:69)
	at org.openqa.selenium.support.pagefactory.internal.LocatingElementHandler.invoke(LocatingElementHandler.java:38)
	at jdk.proxy2/jdk.proxy2.$Proxy21.click(Unknown Source)
	at co.wedevx.digitalbank.automation.ui.pages.RegistrationPage.fillOutRegistrationPage(RegistrationPage.java:139)
	at co.wedevx.digitalbank.automation.ui.steps.RegistrationSteps.user_creates_account_with_the_following_fields(RegistrationSteps.java:30)
	at ✽.User creates account with the following fields(classpath:ui.features/LoginAndRegistration/Registration.feature:24)
&amp#27;[0m
  &amp#27;[36mThen &amp#27;[0m&amp#27;[36mUser should the &amp#27;[0m&amp#27;[36m&amp#27;[1m"dob"&amp#27;[0m&amp#27;[36m required field error message &amp#27;[0m&amp#27;[36m&amp#27;[1m"Please fill out this field."&amp#27;[0m                                        &amp#27;[90m# co.wedevx.digitalbank.automation.ui.steps.RegistrationSteps.userShouldTheRequiredFieldErrorMessage(java.lang.String,java.lang.String)&amp#27;[0m
]]></system-out>
    <system-err><![CDATA[JavaScript error: http://sultanmamytov.mydevx.com/bank/js/dashboard.js, line 39: ReferenceError: Chart is not defined
JavaScript error: http://sultanmamytov.mydevx.com/bank/js/widgets.js, line 24: TypeError: ctx is null
JavaScript error: http://sultanmamytov.mydevx.com/bank/signup, line 160: TypeError: $(...).datepicker is not a function
]]></system-err>
  </testcase>
  <testcase name="Example #6" classname="co.wedevx.digitalbank.automation.ui.runners.UIRegressionRunner" time="10.131">
    <error message="Unable to locate element: #agree\-terms&#10;For documentation on this error, please visit: https://www.seleniumhq.org/exceptions/no_such_element.html&#10;Build info: version: &apos;3.141.59&apos;, revision: &apos;e82be7d358&apos;, time: &apos;2018-11-14T08:17:03&apos;&#10;System info: host: &apos;user1s-MacBook-Pro.local&apos;, ip: &apos;2601:5c1:4401:43c0:0:0:0:525a%en0&apos;, os.name: &apos;Mac OS X&apos;, os.arch: &apos;x86_64&apos;, os.version: &apos;12.6.8&apos;, java.version: &apos;19.0.1&apos;&#10;Driver info: org.openqa.selenium.firefox.FirefoxDriver&#10;Capabilities {acceptInsecureCerts: true, browserName: firefox, browserVersion: 118.0.2, javascriptEnabled: true, moz:accessibilityChecks: false, moz:buildID: 20231009140911, moz:geckodriverVersion: 0.33.0, moz:headless: false, moz:platformVersion: 21.6.0, moz:processID: 11120, moz:profile: /var/folders/tv/gdz5bgzj6bx..., moz:shutdownTimeout: 60000, moz:webdriverClick: true, moz:windowless: false, pageLoadStrategy: normal, platform: MAC, platformName: MAC, proxy: Proxy(), setWindowRect: true, strictFileInteractability: false, timeouts: {implicit: 0, pageLoad: 300000, script: 30000}, unhandledPromptBehavior: dismiss and notify}&#10;Session ID: 362186c2-74e9-4a8a-8b23-d82455e60d0a&#10;*** Element info: {Using=id, value=agree-terms}" type="org.openqa.selenium.NoSuchElementException">org.openqa.selenium.NoSuchElementException: 
Unable to locate element: #agree\-terms
For documentation on this error, please visit: https://www.seleniumhq.org/exceptions/no_such_element.html
Build info: version: '3.141.59', revision: 'e82be7d358', time: '2018-11-14T08:17:03'
System info: host: 'user1s-MacBook-Pro.local', ip: '2601:5c1:4401:43c0:0:0:0:525a%en0', os.name: 'Mac OS X', os.arch: 'x86_64', os.version: '12.6.8', java.version: '19.0.1'
Driver info: org.openqa.selenium.firefox.FirefoxDriver
Capabilities {acceptInsecureCerts: true, browserName: firefox, browserVersion: 118.0.2, javascriptEnabled: true, moz:accessibilityChecks: false, moz:buildID: 20231009140911, moz:geckodriverVersion: 0.33.0, moz:headless: false, moz:platformVersion: 21.6.0, moz:processID: 11120, moz:profile: /var/folders/tv/gdz5bgzj6bx..., moz:shutdownTimeout: 60000, moz:webdriverClick: true, moz:windowless: false, pageLoadStrategy: normal, platform: MAC, platformName: MAC, proxy: Proxy(), setWindowRect: true, strictFileInteractability: false, timeouts: {implicit: 0, pageLoad: 300000, script: 30000}, unhandledPromptBehavior: dismiss and notify}
Session ID: 362186c2-74e9-4a8a-8b23-d82455e60d0a
*** Element info: {Using=id, value=agree-terms}
</error>
    <system-out><![CDATA[
@Registration @NegativeRegistrationCases
Scenario Outline: Negative Test Case: As a DB admin, I want to make sure users can't register without providing all valid data &amp#27;[90m# ui.features/LoginAndRegistration/Registration.feature:39&amp#27;[0m
  &amp#27;[32mGiven &amp#27;[0m&amp#27;[32mthe user with &amp#27;[0m&amp#27;[32m&amp#27;[1m"jack@test.com"&amp#27;[0m&amp#27;[32m is not in DB&amp#27;[0m                                                                             &amp#27;[90m# co.wedevx.digitalbank.automation.ui.steps.RegistrationSteps.theUserWithIsNotInDB(java.lang.String)&amp#27;[0m
  &amp#27;[32mAnd &amp#27;[0m&amp#27;[32mUser navigates to Digital Bank signup page&amp#27;[0m                                                                               &amp#27;[90m# co.wedevx.digitalbank.automation.ui.steps.RegistrationSteps.user_navigates_to_digital_bank_signup_page()&amp#27;[0m
  &amp#27;[31mWhen &amp#27;[0m&amp#27;[31mUser creates account with the following fields&amp#27;[0m                                                                          &amp#27;[90m# co.wedevx.digitalbank.automation.ui.steps.RegistrationSteps.user_creates_account_with_the_following_fields(java.util.List<java.util.Map<java.lang.String, java.lang.String>>)&amp#27;[0m
    | title | firstName | lastName | gender | dob        | ssn     | email   | password | address | locality | region  | postalCode | country | homePhone | mobilePhone | workPhone |
    | Mr.   | Jack      | Test     | M      | 12/12/1990 | [empty] | [empty] | [empty]  | [empty] | [empty]  | [empty] | [empty]    | [empty] | [empty]   | [empty]     | [empty]   |
      &amp#27;[31morg.openqa.selenium.NoSuchElementException: Unable to locate element: #agree\-terms
For documentation on this error, please visit: https://www.seleniumhq.org/exceptions/no_such_element.html
Build info: version: '3.141.59', revision: 'e82be7d358', time: '2018-11-14T08:17:03'
System info: host: 'user1s-MacBook-Pro.local', ip: '2601:5c1:4401:43c0:0:0:0:525a%en0', os.name: 'Mac OS X', os.arch: 'x86_64', os.version: '12.6.8', java.version: '19.0.1'
Driver info: org.openqa.selenium.firefox.FirefoxDriver
Capabilities {acceptInsecureCerts: true, browserName: firefox, browserVersion: 118.0.2, javascriptEnabled: true, moz:accessibilityChecks: false, moz:buildID: 20231009140911, moz:geckodriverVersion: 0.33.0, moz:headless: false, moz:platformVersion: 21.6.0, moz:processID: 11120, moz:profile: /var/folders/tv/gdz5bgzj6bx..., moz:shutdownTimeout: 60000, moz:webdriverClick: true, moz:windowless: false, pageLoadStrategy: normal, platform: MAC, platformName: MAC, proxy: Proxy(), setWindowRect: true, strictFileInteractability: false, timeouts: {implicit: 0, pageLoad: 300000, script: 30000}, unhandledPromptBehavior: dismiss and notify}
Session ID: 362186c2-74e9-4a8a-8b23-d82455e60d0a
*** Element info: {Using=id, value=agree-terms}
	at java.base/jdk.internal.reflect.DirectConstructorHandleAccessor.newInstance(DirectConstructorHandleAccessor.java:67)
	at java.base/java.lang.reflect.Constructor.newInstanceWithCaller(Constructor.java:500)
	at java.base/java.lang.reflect.Constructor.newInstance(Constructor.java:484)
	at org.openqa.selenium.remote.http.W3CHttpResponseCodec.createException(W3CHttpResponseCodec.java:187)
	at org.openqa.selenium.remote.http.W3CHttpResponseCodec.decode(W3CHttpResponseCodec.java:122)
	at org.openqa.selenium.remote.http.W3CHttpResponseCodec.decode(W3CHttpResponseCodec.java:49)
	at org.openqa.selenium.remote.HttpCommandExecutor.execute(HttpCommandExecutor.java:158)
	at org.openqa.selenium.remote.service.DriverCommandExecutor.execute(DriverCommandExecutor.java:83)
	at org.openqa.selenium.remote.RemoteWebDriver.execute(RemoteWebDriver.java:552)
	at org.openqa.selenium.remote.RemoteWebDriver.findElement(RemoteWebDriver.java:323)
	at org.openqa.selenium.remote.RemoteWebDriver.findElementById(RemoteWebDriver.java:372)
	at org.openqa.selenium.By$ById.findElement(By.java:188)
	at org.openqa.selenium.remote.RemoteWebDriver.findElement(RemoteWebDriver.java:315)
	at org.openqa.selenium.support.pagefactory.DefaultElementLocator.findElement(DefaultElementLocator.java:69)
	at org.openqa.selenium.support.pagefactory.internal.LocatingElementHandler.invoke(LocatingElementHandler.java:38)
	at jdk.proxy2/jdk.proxy2.$Proxy21.click(Unknown Source)
	at co.wedevx.digitalbank.automation.ui.pages.RegistrationPage.fillOutRegistrationPage(RegistrationPage.java:139)
	at co.wedevx.digitalbank.automation.ui.steps.RegistrationSteps.user_creates_account_with_the_following_fields(RegistrationSteps.java:30)
	at ✽.User creates account with the following fields(classpath:ui.features/LoginAndRegistration/Registration.feature:24)
&amp#27;[0m
  &amp#27;[36mThen &amp#27;[0m&amp#27;[36mUser should the &amp#27;[0m&amp#27;[36m&amp#27;[1m"ssn"&amp#27;[0m&amp#27;[36m required field error message &amp#27;[0m&amp#27;[36m&amp#27;[1m"Please fill out this field."&amp#27;[0m                                        &amp#27;[90m# co.wedevx.digitalbank.automation.ui.steps.RegistrationSteps.userShouldTheRequiredFieldErrorMessage(java.lang.String,java.lang.String)&amp#27;[0m
]]></system-out>
    <system-err><![CDATA[JavaScript error: http://sultanmamytov.mydevx.com/bank/js/dashboard.js, line 39: ReferenceError: Chart is not defined
JavaScript error: http://sultanmamytov.mydevx.com/bank/js/widgets.js, line 24: TypeError: ctx is null
JavaScript error: http://sultanmamytov.mydevx.com/bank/signup, line 160: TypeError: $(...).datepicker is not a function
]]></system-err>
  </testcase>
  <testcase name="Example #7" classname="co.wedevx.digitalbank.automation.ui.runners.UIRegressionRunner" time="9.15">
    <error message="Unable to locate element: #agree\-terms&#10;For documentation on this error, please visit: https://www.seleniumhq.org/exceptions/no_such_element.html&#10;Build info: version: &apos;3.141.59&apos;, revision: &apos;e82be7d358&apos;, time: &apos;2018-11-14T08:17:03&apos;&#10;System info: host: &apos;user1s-MacBook-Pro.local&apos;, ip: &apos;2601:5c1:4401:43c0:0:0:0:525a%en0&apos;, os.name: &apos;Mac OS X&apos;, os.arch: &apos;x86_64&apos;, os.version: &apos;12.6.8&apos;, java.version: &apos;19.0.1&apos;&#10;Driver info: org.openqa.selenium.firefox.FirefoxDriver&#10;Capabilities {acceptInsecureCerts: true, browserName: firefox, browserVersion: 118.0.2, javascriptEnabled: true, moz:accessibilityChecks: false, moz:buildID: 20231009140911, moz:geckodriverVersion: 0.33.0, moz:headless: false, moz:platformVersion: 21.6.0, moz:processID: 11120, moz:profile: /var/folders/tv/gdz5bgzj6bx..., moz:shutdownTimeout: 60000, moz:webdriverClick: true, moz:windowless: false, pageLoadStrategy: normal, platform: MAC, platformName: MAC, proxy: Proxy(), setWindowRect: true, strictFileInteractability: false, timeouts: {implicit: 0, pageLoad: 300000, script: 30000}, unhandledPromptBehavior: dismiss and notify}&#10;Session ID: 362186c2-74e9-4a8a-8b23-d82455e60d0a&#10;*** Element info: {Using=id, value=agree-terms}" type="org.openqa.selenium.NoSuchElementException">org.openqa.selenium.NoSuchElementException: 
Unable to locate element: #agree\-terms
For documentation on this error, please visit: https://www.seleniumhq.org/exceptions/no_such_element.html
Build info: version: '3.141.59', revision: 'e82be7d358', time: '2018-11-14T08:17:03'
System info: host: 'user1s-MacBook-Pro.local', ip: '2601:5c1:4401:43c0:0:0:0:525a%en0', os.name: 'Mac OS X', os.arch: 'x86_64', os.version: '12.6.8', java.version: '19.0.1'
Driver info: org.openqa.selenium.firefox.FirefoxDriver
Capabilities {acceptInsecureCerts: true, browserName: firefox, browserVersion: 118.0.2, javascriptEnabled: true, moz:accessibilityChecks: false, moz:buildID: 20231009140911, moz:geckodriverVersion: 0.33.0, moz:headless: false, moz:platformVersion: 21.6.0, moz:processID: 11120, moz:profile: /var/folders/tv/gdz5bgzj6bx..., moz:shutdownTimeout: 60000, moz:webdriverClick: true, moz:windowless: false, pageLoadStrategy: normal, platform: MAC, platformName: MAC, proxy: Proxy(), setWindowRect: true, strictFileInteractability: false, timeouts: {implicit: 0, pageLoad: 300000, script: 30000}, unhandledPromptBehavior: dismiss and notify}
Session ID: 362186c2-74e9-4a8a-8b23-d82455e60d0a
*** Element info: {Using=id, value=agree-terms}
</error>
    <system-out><![CDATA[
@Registration @NegativeRegistrationCases
Scenario Outline: Negative Test Case: As a DB admin, I want to make sure users can't register without providing all valid data &amp#27;[90m# ui.features/LoginAndRegistration/Registration.feature:40&amp#27;[0m
  &amp#27;[32mGiven &amp#27;[0m&amp#27;[32mthe user with &amp#27;[0m&amp#27;[32m&amp#27;[1m"jack@test.com"&amp#27;[0m&amp#27;[32m is not in DB&amp#27;[0m                                                                             &amp#27;[90m# co.wedevx.digitalbank.automation.ui.steps.RegistrationSteps.theUserWithIsNotInDB(java.lang.String)&amp#27;[0m
  &amp#27;[32mAnd &amp#27;[0m&amp#27;[32mUser navigates to Digital Bank signup page&amp#27;[0m                                                                               &amp#27;[90m# co.wedevx.digitalbank.automation.ui.steps.RegistrationSteps.user_navigates_to_digital_bank_signup_page()&amp#27;[0m
  &amp#27;[31mWhen &amp#27;[0m&amp#27;[31mUser creates account with the following fields&amp#27;[0m                                                                          &amp#27;[90m# co.wedevx.digitalbank.automation.ui.steps.RegistrationSteps.user_creates_account_with_the_following_fields(java.util.List<java.util.Map<java.lang.String, java.lang.String>>)&amp#27;[0m
    | title | firstName | lastName | gender | dob        | ssn         | email   | password | address | locality | region  | postalCode | country | homePhone | mobilePhone | workPhone |
    | Mr.   | Jack      | Test     | M      | 12/12/1990 | 122-33-4453 | [empty] | [empty]  | [empty] | [empty]  | [empty] | [empty]    | [empty] | [empty]   | [empty]     | [empty]   |
      &amp#27;[31morg.openqa.selenium.NoSuchElementException: Unable to locate element: #agree\-terms
For documentation on this error, please visit: https://www.seleniumhq.org/exceptions/no_such_element.html
Build info: version: '3.141.59', revision: 'e82be7d358', time: '2018-11-14T08:17:03'
System info: host: 'user1s-MacBook-Pro.local', ip: '2601:5c1:4401:43c0:0:0:0:525a%en0', os.name: 'Mac OS X', os.arch: 'x86_64', os.version: '12.6.8', java.version: '19.0.1'
Driver info: org.openqa.selenium.firefox.FirefoxDriver
Capabilities {acceptInsecureCerts: true, browserName: firefox, browserVersion: 118.0.2, javascriptEnabled: true, moz:accessibilityChecks: false, moz:buildID: 20231009140911, moz:geckodriverVersion: 0.33.0, moz:headless: false, moz:platformVersion: 21.6.0, moz:processID: 11120, moz:profile: /var/folders/tv/gdz5bgzj6bx..., moz:shutdownTimeout: 60000, moz:webdriverClick: true, moz:windowless: false, pageLoadStrategy: normal, platform: MAC, platformName: MAC, proxy: Proxy(), setWindowRect: true, strictFileInteractability: false, timeouts: {implicit: 0, pageLoad: 300000, script: 30000}, unhandledPromptBehavior: dismiss and notify}
Session ID: 362186c2-74e9-4a8a-8b23-d82455e60d0a
*** Element info: {Using=id, value=agree-terms}
	at java.base/jdk.internal.reflect.DirectConstructorHandleAccessor.newInstance(DirectConstructorHandleAccessor.java:67)
	at java.base/java.lang.reflect.Constructor.newInstanceWithCaller(Constructor.java:500)
	at java.base/java.lang.reflect.Constructor.newInstance(Constructor.java:484)
	at org.openqa.selenium.remote.http.W3CHttpResponseCodec.createException(W3CHttpResponseCodec.java:187)
	at org.openqa.selenium.remote.http.W3CHttpResponseCodec.decode(W3CHttpResponseCodec.java:122)
	at org.openqa.selenium.remote.http.W3CHttpResponseCodec.decode(W3CHttpResponseCodec.java:49)
	at org.openqa.selenium.remote.HttpCommandExecutor.execute(HttpCommandExecutor.java:158)
	at org.openqa.selenium.remote.service.DriverCommandExecutor.execute(DriverCommandExecutor.java:83)
	at org.openqa.selenium.remote.RemoteWebDriver.execute(RemoteWebDriver.java:552)
	at org.openqa.selenium.remote.RemoteWebDriver.findElement(RemoteWebDriver.java:323)
	at org.openqa.selenium.remote.RemoteWebDriver.findElementById(RemoteWebDriver.java:372)
	at org.openqa.selenium.By$ById.findElement(By.java:188)
	at org.openqa.selenium.remote.RemoteWebDriver.findElement(RemoteWebDriver.java:315)
	at org.openqa.selenium.support.pagefactory.DefaultElementLocator.findElement(DefaultElementLocator.java:69)
	at org.openqa.selenium.support.pagefactory.internal.LocatingElementHandler.invoke(LocatingElementHandler.java:38)
	at jdk.proxy2/jdk.proxy2.$Proxy21.click(Unknown Source)
	at co.wedevx.digitalbank.automation.ui.pages.RegistrationPage.fillOutRegistrationPage(RegistrationPage.java:139)
	at co.wedevx.digitalbank.automation.ui.steps.RegistrationSteps.user_creates_account_with_the_following_fields(RegistrationSteps.java:30)
	at ✽.User creates account with the following fields(classpath:ui.features/LoginAndRegistration/Registration.feature:24)
&amp#27;[0m
  &amp#27;[36mThen &amp#27;[0m&amp#27;[36mUser should the &amp#27;[0m&amp#27;[36m&amp#27;[1m"email"&amp#27;[0m&amp#27;[36m required field error message &amp#27;[0m&amp#27;[36m&amp#27;[1m"Please fill out this field."&amp#27;[0m                                      &amp#27;[90m# co.wedevx.digitalbank.automation.ui.steps.RegistrationSteps.userShouldTheRequiredFieldErrorMessage(java.lang.String,java.lang.String)&amp#27;[0m
]]></system-out>
    <system-err><![CDATA[JavaScript error: http://sultanmamytov.mydevx.com/bank/js/dashboard.js, line 39: ReferenceError: Chart is not defined
JavaScript error: http://sultanmamytov.mydevx.com/bank/js/widgets.js, line 24: TypeError: ctx is null
JavaScript error: http://sultanmamytov.mydevx.com/bank/signup, line 160: TypeError: $(...).datepicker is not a function
]]></system-err>
  </testcase>
  <testcase name="Create a standard individual checking account" classname="co.wedevx.digitalbank.automation.ui.runners.UIRegressionRunner" time="12.354">
    <error message="Unable to locate element: #checking\-menu&#10;For documentation on this error, please visit: https://www.seleniumhq.org/exceptions/no_such_element.html&#10;Build info: version: &apos;3.141.59&apos;, revision: &apos;e82be7d358&apos;, time: &apos;2018-11-14T08:17:03&apos;&#10;System info: host: &apos;user1s-MacBook-Pro.local&apos;, ip: &apos;2601:5c1:4401:43c0:0:0:0:525a%en0&apos;, os.name: &apos;Mac OS X&apos;, os.arch: &apos;x86_64&apos;, os.version: &apos;12.6.8&apos;, java.version: &apos;19.0.1&apos;&#10;Driver info: org.openqa.selenium.firefox.FirefoxDriver&#10;Capabilities {acceptInsecureCerts: true, browserName: firefox, browserVersion: 118.0.2, javascriptEnabled: true, moz:accessibilityChecks: false, moz:buildID: 20231009140911, moz:geckodriverVersion: 0.33.0, moz:headless: false, moz:platformVersion: 21.6.0, moz:processID: 11120, moz:profile: /var/folders/tv/gdz5bgzj6bx..., moz:shutdownTimeout: 60000, moz:webdriverClick: true, moz:windowless: false, pageLoadStrategy: normal, platform: MAC, platformName: MAC, proxy: Proxy(), setWindowRect: true, strictFileInteractability: false, timeouts: {implicit: 0, pageLoad: 300000, script: 30000}, unhandledPromptBehavior: dismiss and notify}&#10;Session ID: 362186c2-74e9-4a8a-8b23-d82455e60d0a&#10;*** Element info: {Using=id, value=checking-menu}" type="org.openqa.selenium.NoSuchElementException">org.openqa.selenium.NoSuchElementException: 
Unable to locate element: #checking\-menu
For documentation on this error, please visit: https://www.seleniumhq.org/exceptions/no_such_element.html
Build info: version: '3.141.59', revision: 'e82be7d358', time: '2018-11-14T08:17:03'
System info: host: 'user1s-MacBook-Pro.local', ip: '2601:5c1:4401:43c0:0:0:0:525a%en0', os.name: 'Mac OS X', os.arch: 'x86_64', os.version: '12.6.8', java.version: '19.0.1'
Driver info: org.openqa.selenium.firefox.FirefoxDriver
Capabilities {acceptInsecureCerts: true, browserName: firefox, browserVersion: 118.0.2, javascriptEnabled: true, moz:accessibilityChecks: false, moz:buildID: 20231009140911, moz:geckodriverVersion: 0.33.0, moz:headless: false, moz:platformVersion: 21.6.0, moz:processID: 11120, moz:profile: /var/folders/tv/gdz5bgzj6bx..., moz:shutdownTimeout: 60000, moz:webdriverClick: true, moz:windowless: false, pageLoadStrategy: normal, platform: MAC, platformName: MAC, proxy: Proxy(), setWindowRect: true, strictFileInteractability: false, timeouts: {implicit: 0, pageLoad: 300000, script: 30000}, unhandledPromptBehavior: dismiss and notify}
Session ID: 362186c2-74e9-4a8a-8b23-d82455e60d0a
*** Element info: {Using=id, value=checking-menu}
</error>
    <system-out><![CDATA[
Scenario: Create a standard individual checking account                                                                           &amp#27;[90m# ui.features/checking/NewChecking.feature:3&amp#27;[0m
  &amp#27;[32mGiven &amp#27;[0m&amp#27;[32mthe user logged in as &amp#27;[0m&amp#27;[32m&amp#27;[1m"elonmusk@gmail.com"&amp#27;[0m&amp#27;[32m &amp#27;[0m&amp#27;[32m&amp#27;[1m"Tester123"&amp#27;[0m                                                                    &amp#27;[90m# co.wedevx.digitalbank.automation.ui.steps.CheckingAccountSteps.the_user_logged_in_as(java.lang.String,java.lang.String)&amp#27;[0m
  &amp#27;[31mWhen &amp#27;[0m&amp#27;[31mthe user creates a new checking account with the following data&amp#27;[0m                                                            &amp#27;[90m# co.wedevx.digitalbank.automation.ui.steps.CheckingAccountSteps.the_user_creates_a_new_checking_account_with_the_following_data(java.util.List<co.wedevx.digitalbank.automation.ui.models.NewCheckingAccountInfo>)&amp#27;[0m
    | checkingAccountType | accountOwnership | accountName               | initialDepositAmount |
    | Standard Checking   | Individual       | Elon Musk Second Checking | 100000.0             |
      &amp#27;[31morg.openqa.selenium.NoSuchElementException: Unable to locate element: #checking\-menu
For documentation on this error, please visit: https://www.seleniumhq.org/exceptions/no_such_element.html
Build info: version: '3.141.59', revision: 'e82be7d358', time: '2018-11-14T08:17:03'
System info: host: 'user1s-MacBook-Pro.local', ip: '2601:5c1:4401:43c0:0:0:0:525a%en0', os.name: 'Mac OS X', os.arch: 'x86_64', os.version: '12.6.8', java.version: '19.0.1'
Driver info: org.openqa.selenium.firefox.FirefoxDriver
Capabilities {acceptInsecureCerts: true, browserName: firefox, browserVersion: 118.0.2, javascriptEnabled: true, moz:accessibilityChecks: false, moz:buildID: 20231009140911, moz:geckodriverVersion: 0.33.0, moz:headless: false, moz:platformVersion: 21.6.0, moz:processID: 11120, moz:profile: /var/folders/tv/gdz5bgzj6bx..., moz:shutdownTimeout: 60000, moz:webdriverClick: true, moz:windowless: false, pageLoadStrategy: normal, platform: MAC, platformName: MAC, proxy: Proxy(), setWindowRect: true, strictFileInteractability: false, timeouts: {implicit: 0, pageLoad: 300000, script: 30000}, unhandledPromptBehavior: dismiss and notify}
Session ID: 362186c2-74e9-4a8a-8b23-d82455e60d0a
*** Element info: {Using=id, value=checking-menu}
	at java.base/jdk.internal.reflect.DirectConstructorHandleAccessor.newInstance(DirectConstructorHandleAccessor.java:67)
	at java.base/java.lang.reflect.Constructor.newInstanceWithCaller(Constructor.java:500)
	at java.base/java.lang.reflect.Constructor.newInstance(Constructor.java:484)
	at org.openqa.selenium.remote.http.W3CHttpResponseCodec.createException(W3CHttpResponseCodec.java:187)
	at org.openqa.selenium.remote.http.W3CHttpResponseCodec.decode(W3CHttpResponseCodec.java:122)
	at org.openqa.selenium.remote.http.W3CHttpResponseCodec.decode(W3CHttpResponseCodec.java:49)
	at org.openqa.selenium.remote.HttpCommandExecutor.execute(HttpCommandExecutor.java:158)
	at org.openqa.selenium.remote.service.DriverCommandExecutor.execute(DriverCommandExecutor.java:83)
	at org.openqa.selenium.remote.RemoteWebDriver.execute(RemoteWebDriver.java:552)
	at org.openqa.selenium.remote.RemoteWebDriver.findElement(RemoteWebDriver.java:323)
	at org.openqa.selenium.remote.RemoteWebDriver.findElementById(RemoteWebDriver.java:372)
	at org.openqa.selenium.By$ById.findElement(By.java:188)
	at org.openqa.selenium.remote.RemoteWebDriver.findElement(RemoteWebDriver.java:315)
	at org.openqa.selenium.support.pagefactory.DefaultElementLocator.findElement(DefaultElementLocator.java:69)
	at org.openqa.selenium.support.pagefactory.internal.LocatingElementHandler.invoke(LocatingElementHandler.java:38)
	at jdk.proxy2/jdk.proxy2.$Proxy21.click(Unknown Source)
	at co.wedevx.digitalbank.automation.ui.pages.CreateCheckingPage.createNewChecking(CreateCheckingPage.java:47)
	at co.wedevx.digitalbank.automation.ui.steps.CheckingAccountSteps.the_user_creates_a_new_checking_account_with_the_following_data(CheckingAccountSteps.java:38)
	at ✽.the user creates a new checking account with the following data(classpath:ui.features/checking/NewChecking.feature:6)
&amp#27;[0m
  &amp#27;[36mThen &amp#27;[0m&amp#27;[36mthe user should see the green &amp#27;[0m&amp#27;[36m&amp#27;[1m"Successfully created new Standard Checking account named Elon Musk Second Checking"&amp#27;[0m&amp#27;[36m message&amp#27;[0m &amp#27;[90m# co.wedevx.digitalbank.automation.ui.steps.CheckingAccountSteps.the_user_should_see_the_green_message(java.lang.String)&amp#27;[0m
  &amp#27;[36mAnd &amp#27;[0m&amp#27;[36mthe user should see newly added account card&amp#27;[0m                                                                                &amp#27;[90m# co.wedevx.digitalbank.automation.ui.steps.CheckingAccountSteps.the_user_should_see_newly_added_account_card(java.util.List<co.wedevx.digitalbank.automation.ui.models.AccountCard>)&amp#27;[0m
    | accountName               | accountType       | ownership  | accountNumber | interestRate | balance   |
    | Elon Musk Second Checking | Standard Checking | Individual | 486131037     | 0.0%         | 100000.00 |
  &amp#27;[36mAnd &amp#27;[0m&amp#27;[36mthe user should see the following transactions&amp#27;[0m                                                                              &amp#27;[90m# co.wedevx.digitalbank.automation.ui.steps.CheckingAccountSteps.the_user_should_see_the_following_transactions(java.util.List<co.wedevx.digitalbank.automation.ui.models.BankTransaction>)&amp#27;[0m
    | date             | category | description               | amount   | balance  |
    | 2023-08-30 21:51 | Income   | 845321734 (DPT) - Deposit | 100000.0 | 100000.0 |

    Embedding screenshot [image/png 172079 bytes]

]]></system-out>
    <system-err><![CDATA[JavaScript error: http://sultanmamytov.mydevx.com/bank/js/dashboard.js, line 39: ReferenceError: Chart is not defined
JavaScript error: http://sultanmamytov.mydevx.com/bank/js/widgets.js, line 24: TypeError: ctx is null
console.warn: LoginRecipes: "Falling back to a synchronous message for: http://sultanmamytov.mydevx.com."
console.warn: LoginRecipes: "Falling back to a synchronous message for: http://sultanmamytov.mydevx.com."
JavaScript error: http://sultanmamytov.mydevx.com/bank/js/dashboard.js, line 39: ReferenceError: Chart is not defined
JavaScript error: http://sultanmamytov.mydevx.com/bank/js/widgets.js, line 24: TypeError: ctx is null
1697898596222	Marionette	INFO	Stopped listening on port 60879
]]></system-err>
  </testcase>
</testsuite>